# JRE version: Java(TM) SE Runtime Environment (8.0_171-b11) (build 1.8.0_171-b11)
# Java VM: Java HotSpot(TM) 64-Bit Server VM (25.171-b11 mixed mode windows-amd64 compressed oops)
Heap:
 PSYoungGen      total 55296K, used 54266K [0x00000000d5f00000, 0x00000000da980000, 0x0000000100000000)
  eden space 50688K, 98% used [0x00000000d5f00000,0x00000000d8fbe380,0x00000000d9080000)
  from space 4608K, 94% used [0x00000000da500000,0x00000000da9407a8,0x00000000da980000)
  to   space 5120K, 0% used [0x00000000d9f80000,0x00000000d9f80000,0x00000000da480000)
 ParOldGen       total 62464K, used 8372K [0x0000000081c00000, 0x0000000085900000, 0x00000000d5f00000)
  object space 62464K, 13% used [0x0000000081c00000,0x000000008242d028,0x0000000085900000)
 Metaspace       used 27825K, capacity 28676K, committed 28976K, reserved 1075200K
  class space    used 3625K, capacity 3810K, committed 3888K, reserved 1048576K
GC Heap History (10 events):
Event: 1.350 GC heap before
{Heap before GC invocations=1 (full 0):
 PSYoungGen      total 38400K, used 33280K [0x00000000d5f00000, 0x00000000d8980000, 0x0000000100000000)
  eden space 33280K, 100% used [0x00000000d5f00000,0x00000000d7f80000,0x00000000d7f80000)
  from space 5120K, 0% used [0x00000000d8480000,0x00000000d8480000,0x00000000d8980000)
  to   space 5120K, 0% used [0x00000000d7f80000,0x00000000d7f80000,0x00000000d8480000)
 ParOldGen       total 87552K, used 0K [0x0000000081c00000, 0x0000000087180000, 0x00000000d5f00000)
  object space 87552K, 0% used [0x0000000081c00000,0x0000000081c00000,0x0000000087180000)
 Metaspace       used 12515K, capacity 12830K, committed 12928K, reserved 1060864K
  class space    used 1550K, capacity 1651K, committed 1664K, reserved 1048576K
Event: 1.357 GC heap after
Heap after GC invocations=1 (full 0):
 PSYoungGen      total 38400K, used 5106K [0x00000000d5f00000, 0x00000000d8980000, 0x0000000100000000)
  eden space 33280K, 0% used [0x00000000d5f00000,0x00000000d5f00000,0x00000000d7f80000)
  from space 5120K, 99% used [0x00000000d7f80000,0x00000000d847c9e8,0x00000000d8480000)
  to   space 5120K, 0% used [0x00000000d8480000,0x00000000d8480000,0x00000000d8980000)
 ParOldGen       total 87552K, used 501K [0x0000000081c00000, 0x0000000087180000, 0x00000000d5f00000)
  object space 87552K, 0% used [0x0000000081c00000,0x0000000081c7d780,0x0000000087180000)
 Metaspace       used 12515K, capacity 12830K, committed 12928K, reserved 1060864K
  class space    used 1550K, capacity 1651K, committed 1664K, reserved 1048576K
}
Event: 1.814 GC heap before
{Heap before GC invocations=2 (full 0):
 PSYoungGen      total 38400K, used 38386K [0x00000000d5f00000, 0x00000000d8980000, 0x0000000100000000)
  eden space 33280K, 100% used [0x00000000d5f00000,0x00000000d7f80000,0x00000000d7f80000)
  from space 5120K, 99% used [0x00000000d7f80000,0x00000000d847c9e8,0x00000000d8480000)
  to   space 5120K, 0% used [0x00000000d8480000,0x00000000d8480000,0x00000000d8980000)
 ParOldGen       total 87552K, used 501K [0x0000000081c00000, 0x0000000087180000, 0x00000000d5f00000)
  object space 87552K, 0% used [0x0000000081c00000,0x0000000081c7d780,0x0000000087180000)
 Metaspace       used 16270K, capacity 16804K, committed 17024K, reserved 1064960K
  class space    used 2166K, capacity 2316K, committed 2432K, reserved 1048576K
Event: 1.825 GC heap after
Heap after GC invocations=2 (full 0):
 PSYoungGen      total 38400K, used 5091K [0x00000000d5f00000, 0x00000000daa00000, 0x0000000100000000)
  eden space 33280K, 0% used [0x00000000d5f00000,0x00000000d5f00000,0x00000000d7f80000)
  from space 5120K, 99% used [0x00000000d8480000,0x00000000d8978db0,0x00000000d8980000)
  to   space 5120K, 0% used [0x00000000d7f80000,0x00000000d7f80000,0x00000000d8480000)
 ParOldGen       total 87552K, used 2505K [0x0000000081c00000, 0x0000000087180000, 0x00000000d5f00000)
  object space 87552K, 2% used [0x0000000081c00000,0x0000000081e727a8,0x0000000087180000)
 Metaspace       used 16270K, capacity 16804K, committed 17024K, reserved 1064960K
  class space    used 2166K, capacity 2316K, committed 2432K, reserved 1048576K
}
Event: 2.326 GC heap before
{Heap before GC invocations=3 (full 0):
 PSYoungGen      total 38400K, used 34036K [0x00000000d5f00000, 0x00000000daa00000, 0x0000000100000000)
  eden space 33280K, 86% used [0x00000000d5f00000,0x00000000d7b44278,0x00000000d7f80000)
  from space 5120K, 99% used [0x00000000d8480000,0x00000000d8978db0,0x00000000d8980000)
  to   space 5120K, 0% used [0x00000000d7f80000,0x00000000d7f80000,0x00000000d8480000)
 ParOldGen       total 87552K, used 2505K [0x0000000081c00000, 0x0000000087180000, 0x00000000d5f00000)
  object space 87552K, 2% used [0x0000000081c00000,0x0000000081e727a8,0x0000000087180000)
 Metaspace       used 20693K, capacity 21190K, committed 21296K, reserved 1067008K
  class space    used 2684K, capacity 2831K, committed 2864K, reserved 1048576K
Event: 2.334 GC heap after
Heap after GC invocations=3 (full 0):
 PSYoungGen      total 38400K, used 5091K [0x00000000d5f00000, 0x00000000daa00000, 0x0000000100000000)
  eden space 33280K, 0% used [0x00000000d5f00000,0x00000000d5f00000,0x00000000d7f80000)
  from space 5120K, 99% used [0x00000000d7f80000,0x00000000d8478c10,0x00000000d8480000)
  to   space 5120K, 0% used [0x00000000da500000,0x00000000da500000,0x00000000daa00000)
 ParOldGen       total 87552K, used 5997K [0x0000000081c00000, 0x0000000087180000, 0x00000000d5f00000)
  object space 87552K, 6% used [0x0000000081c00000,0x00000000821db788,0x0000000087180000)
 Metaspace       used 20693K, capacity 21190K, committed 21296K, reserved 1067008K
  class space    used 2684K, capacity 2831K, committed 2864K, reserved 1048576K
}
Event: 2.334 GC heap before
{Heap before GC invocations=4 (full 1):
 PSYoungGen      total 38400K, used 5091K [0x00000000d5f00000, 0x00000000daa00000, 0x0000000100000000)
  eden space 33280K, 0% used [0x00000000d5f00000,0x00000000d5f00000,0x00000000d7f80000)
  from space 5120K, 99% used [0x00000000d7f80000,0x00000000d8478c10,0x00000000d8480000)
  to   space 5120K, 0% used [0x00000000da500000,0x00000000da500000,0x00000000daa00000)
 ParOldGen       total 87552K, used 5997K [0x0000000081c00000, 0x0000000087180000, 0x00000000d5f00000)
  object space 87552K, 6% used [0x0000000081c00000,0x00000000821db788,0x0000000087180000)
 Metaspace       used 20693K, capacity 21190K, committed 21296K, reserved 1067008K
  class space    used 2684K, capacity 2831K, committed 2864K, reserved 1048576K
Event: 2.367 GC heap after
Heap after GC invocations=4 (full 1):
 PSYoungGen      total 38400K, used 0K [0x00000000d5f00000, 0x00000000daa00000, 0x0000000100000000)
  eden space 33280K, 0% used [0x00000000d5f00000,0x00000000d5f00000,0x00000000d7f80000)
  from space 5120K, 0% used [0x00000000d7f80000,0x00000000d7f80000,0x00000000d8480000)
  to   space 5120K, 0% used [0x00000000da500000,0x00000000da500000,0x00000000daa00000)
 ParOldGen       total 62464K, used 8364K [0x0000000081c00000, 0x0000000085900000, 0x00000000d5f00000)
  object space 62464K, 13% used [0x0000000081c00000,0x000000008242b028,0x0000000085900000)
 Metaspace       used 20693K, capacity 21190K, committed 21296K, reserved 1067008K
  class space    used 2684K, capacity 2831K, committed 2864K, reserved 1048576K
}
Event: 2.743 GC heap before
{Heap before GC invocations=5 (full 1):
 PSYoungGen      total 38400K, used 33280K [0x00000000d5f00000, 0x00000000daa00000, 0x0000000100000000)
  eden space 33280K, 100% used [0x00000000d5f00000,0x00000000d7f80000,0x00000000d7f80000)
  from space 5120K, 0% used [0x00000000d7f80000,0x00000000d7f80000,0x00000000d8480000)
  to   space 5120K, 0% used [0x00000000da500000,0x00000000da500000,0x00000000daa00000)
 ParOldGen       total 62464K, used 8364K [0x0000000081c00000, 0x0000000085900000, 0x00000000d5f00000)
  object space 62464K, 13% used [0x0000000081c00000,0x000000008242b028,0x0000000085900000)
 Metaspace       used 23979K, capacity 24678K, committed 24880K, reserved 1071104K
  class space    used 3122K, capacity 3305K, committed 3376K, reserved 1048576K
Event: 2.749 GC heap after
Heap after GC invocations=5 (full 1):
 PSYoungGen      total 55296K, used 4353K [0x00000000d5f00000, 0x00000000da980000, 0x0000000100000000)
  eden space 50688K, 0% used [0x00000000d5f00000,0x00000000d5f00000,0x00000000d9080000)
  from space 4608K, 94% used [0x00000000da500000,0x00000000da9407a8,0x00000000da980000)
  to   space 5120K, 0% used [0x00000000d9f80000,0x00000000d9f80000,0x00000000da480000)
 ParOldGen       total 62464K, used 8372K [0x0000000081c00000, 0x0000000085900000, 0x00000000d5f00000)
  object space 62464K, 13% used [0x0000000081c00000,0x000000008242d028,0x0000000085900000)
 Metaspace       used 23979K, capacity 24678K, committed 24880K, reserved 1071104K
  class space    used 3122K, capacity 3305K, committed 3376K, reserved 1048576K
}

