# JRE version: Java(TM) SE Runtime Environment (8.0_171-b11) (build 1.8.0_171-b11)
# Java VM: Java HotSpot(TM) 64-Bit Server VM (25.171-b11 mixed mode windows-amd64 compressed oops)
Heap:
 PSYoungGen      total 84992K, used 34438K [0x00000000d5f00000, 0x00000000de580000, 0x0000000100000000)
  eden space 71680K, 48% used [0x00000000d5f00000,0x00000000d80a1aa8,0x00000000da500000)
  from space 13312K, 0% used [0x00000000da500000,0x00000000da500000,0x00000000db200000)
  to   space 14848K, 0% used [0x00000000dd700000,0x00000000dd700000,0x00000000de580000)
 ParOldGen       total 105984K, used 19474K [0x0000000081c00000, 0x0000000088380000, 0x00000000d5f00000)
  object space 105984K, 18% used [0x0000000081c00000,0x0000000082f048d8,0x0000000088380000)
 Metaspace       used 37472K, capacity 38912K, committed 39256K, reserved 1083392K
  class space    used 4876K, capacity 5150K, committed 5248K, reserved 1048576K
GC Heap History (10 events):
Event: 2.919 GC heap before
{Heap before GC invocations=5 (full 1):
 PSYoungGen      total 38400K, used 33280K [0x00000000d5f00000, 0x00000000daa00000, 0x0000000100000000)
  eden space 33280K, 100% used [0x00000000d5f00000,0x00000000d7f80000,0x00000000d7f80000)
  from space 5120K, 0% used [0x00000000d7f80000,0x00000000d7f80000,0x00000000d8480000)
  to   space 5120K, 0% used [0x00000000da500000,0x00000000da500000,0x00000000daa00000)
 ParOldGen       total 63488K, used 8361K [0x0000000081c00000, 0x0000000085a00000, 0x00000000d5f00000)
  object space 63488K, 13% used [0x0000000081c00000,0x000000008242a710,0x0000000085a00000)
 Metaspace       used 23925K, capacity 24670K, committed 24832K, reserved 1071104K
  class space    used 3120K, capacity 3305K, committed 3328K, reserved 1048576K
Event: 2.924 GC heap after
Heap after GC invocations=5 (full 1):
 PSYoungGen      total 54272K, used 4107K [0x00000000d5f00000, 0x00000000da980000, 0x0000000100000000)
  eden space 49664K, 0% used [0x00000000d5f00000,0x00000000d5f00000,0x00000000d8f80000)
  from space 4608K, 89% used [0x00000000da500000,0x00000000da902fe8,0x00000000da980000)
  to   space 5120K, 0% used [0x00000000d9f80000,0x00000000d9f80000,0x00000000da480000)
 ParOldGen       total 63488K, used 8433K [0x0000000081c00000, 0x0000000085a00000, 0x00000000d5f00000)
  object space 63488K, 13% used [0x0000000081c00000,0x000000008243c720,0x0000000085a00000)
 Metaspace       used 23925K, capacity 24670K, committed 24832K, reserved 1071104K
  class space    used 3120K, capacity 3305K, committed 3328K, reserved 1048576K
}
Event: 3.925 GC heap before
{Heap before GC invocations=6 (full 1):
 PSYoungGen      total 54272K, used 53771K [0x00000000d5f00000, 0x00000000da980000, 0x0000000100000000)
  eden space 49664K, 100% used [0x00000000d5f00000,0x00000000d8f80000,0x00000000d8f80000)
  from space 4608K, 89% used [0x00000000da500000,0x00000000da902fe8,0x00000000da980000)
  to   space 5120K, 0% used [0x00000000d9f80000,0x00000000d9f80000,0x00000000da480000)
 ParOldGen       total 63488K, used 8433K [0x0000000081c00000, 0x0000000085a00000, 0x00000000d5f00000)
  object space 63488K, 13% used [0x0000000081c00000,0x000000008243c720,0x0000000085a00000)
 Metaspace       used 27828K, capacity 28676K, committed 28928K, reserved 1075200K
  class space    used 3622K, capacity 3810K, committed 3840K, reserved 1048576K
Event: 3.939 GC heap after
Heap after GC invocations=6 (full 1):
 PSYoungGen      total 71168K, used 5095K [0x00000000d5f00000, 0x00000000dbd00000, 0x0000000100000000)
  eden space 66048K, 0% used [0x00000000d5f00000,0x00000000d5f00000,0x00000000d9f80000)
  from space 5120K, 99% used [0x00000000d9f80000,0x00000000da479ec0,0x00000000da480000)
  to   space 11264K, 0% used [0x00000000db200000,0x00000000db200000,0x00000000dbd00000)
 ParOldGen       total 63488K, used 12786K [0x0000000081c00000, 0x0000000085a00000, 0x00000000d5f00000)
  object space 63488K, 20% used [0x0000000081c00000,0x000000008287c938,0x0000000085a00000)
 Metaspace       used 27828K, capacity 28676K, committed 28928K, reserved 1075200K
  class space    used 3622K, capacity 3810K, committed 3840K, reserved 1048576K
}
Event: 5.221 GC heap before
{Heap before GC invocations=7 (full 1):
 PSYoungGen      total 71168K, used 71143K [0x00000000d5f00000, 0x00000000dbd00000, 0x0000000100000000)
  eden space 66048K, 100% used [0x00000000d5f00000,0x00000000d9f80000,0x00000000d9f80000)
  from space 5120K, 99% used [0x00000000d9f80000,0x00000000da479ec0,0x00000000da480000)
  to   space 11264K, 0% used [0x00000000db200000,0x00000000db200000,0x00000000dbd00000)
 ParOldGen       total 63488K, used 12786K [0x0000000081c00000, 0x0000000085a00000, 0x00000000d5f00000)
  object space 63488K, 20% used [0x0000000081c00000,0x000000008287c938,0x0000000085a00000)
 Metaspace       used 31529K, capacity 32792K, committed 33024K, reserved 1077248K
  class space    used 4084K, capacity 4342K, committed 4352K, reserved 1048576K
Event: 5.233 GC heap after
Heap after GC invocations=7 (full 1):
 PSYoungGen      total 82944K, used 11143K [0x00000000d5f00000, 0x00000000dd780000, 0x0000000100000000)
  eden space 71680K, 0% used [0x00000000d5f00000,0x00000000d5f00000,0x00000000da500000)
  from space 11264K, 98% used [0x00000000db200000,0x00000000dbce1d50,0x00000000dbd00000)
  to   space 13312K, 0% used [0x00000000da500000,0x00000000da500000,0x00000000db200000)
 ParOldGen       total 63488K, used 12794K [0x0000000081c00000, 0x0000000085a00000, 0x00000000d5f00000)
  object space 63488K, 20% used [0x0000000081c00000,0x000000008287e938,0x0000000085a00000)
 Metaspace       used 31529K, capacity 32792K, committed 33024K, reserved 1077248K
  class space    used 4084K, capacity 4342K, committed 4352K, reserved 1048576K
}
Event: 6.186 GC heap before
{Heap before GC invocations=8 (full 1):
 PSYoungGen      total 82944K, used 74193K [0x00000000d5f00000, 0x00000000dd780000, 0x0000000100000000)
  eden space 71680K, 87% used [0x00000000d5f00000,0x00000000d9c927b8,0x00000000da500000)
  from space 11264K, 98% used [0x00000000db200000,0x00000000dbce1d50,0x00000000dbd00000)
  to   space 13312K, 0% used [0x00000000da500000,0x00000000da500000,0x00000000db200000)
 ParOldGen       total 63488K, used 12794K [0x0000000081c00000, 0x0000000085a00000, 0x00000000d5f00000)
  object space 63488K, 20% used [0x0000000081c00000,0x000000008287e938,0x0000000085a00000)
 Metaspace       used 33919K, capacity 35308K, committed 35416K, reserved 1079296K
  class space    used 4390K, capacity 4672K, committed 4736K, reserved 1048576K
Event: 6.206 GC heap after
Heap after GC invocations=8 (full 1):
 PSYoungGen      total 84992K, used 13127K [0x00000000d5f00000, 0x00000000de580000, 0x0000000100000000)
  eden space 71680K, 0% used [0x00000000d5f00000,0x00000000d5f00000,0x00000000da500000)
  from space 13312K, 98% used [0x00000000da500000,0x00000000db1d1cc8,0x00000000db200000)
  to   space 14848K, 0% used [0x00000000dd700000,0x00000000dd700000,0x00000000de580000)
 ParOldGen       total 63488K, used 12802K [0x0000000081c00000, 0x0000000085a00000, 0x00000000d5f00000)
  object space 63488K, 20% used [0x0000000081c00000,0x0000000082880938,0x0000000085a00000)
 Metaspace       used 33919K, capacity 35308K, committed 35416K, reserved 1079296K
  class space    used 4390K, capacity 4672K, committed 4736K, reserved 1048576K
}
Event: 6.206 GC heap before
{Heap before GC invocations=9 (full 2):
 PSYoungGen      total 84992K, used 13127K [0x00000000d5f00000, 0x00000000de580000, 0x0000000100000000)
  eden space 71680K, 0% used [0x00000000d5f00000,0x00000000d5f00000,0x00000000da500000)
  from space 13312K, 98% used [0x00000000da500000,0x00000000db1d1cc8,0x00000000db200000)
  to   space 14848K, 0% used [0x00000000dd700000,0x00000000dd700000,0x00000000de580000)
 ParOldGen       total 63488K, used 12802K [0x0000000081c00000, 0x0000000085a00000, 0x00000000d5f00000)
  object space 63488K, 20% used [0x0000000081c00000,0x0000000082880938,0x0000000085a00000)
 Metaspace       used 33919K, capacity 35308K, committed 35416K, reserved 1079296K
  class space    used 4390K, capacity 4672K, committed 4736K, reserved 1048576K
Event: 6.306 GC heap after
Heap after GC invocations=9 (full 2):
 PSYoungGen      total 84992K, used 0K [0x00000000d5f00000, 0x00000000de580000, 0x0000000100000000)
  eden space 71680K, 0% used [0x00000000d5f00000,0x00000000d5f00000,0x00000000da500000)
  from space 13312K, 0% used [0x00000000da500000,0x00000000da500000,0x00000000db200000)
  to   space 14848K, 0% used [0x00000000dd700000,0x00000000dd700000,0x00000000de580000)
 ParOldGen       total 105984K, used 19474K [0x0000000081c00000, 0x0000000088380000, 0x00000000d5f00000)
  object space 105984K, 18% used [0x0000000081c00000,0x0000000082f048d8,0x0000000088380000)
 Metaspace       used 33919K, capacity 35308K, committed 35416K, reserved 1079296K
  class space    used 4390K, capacity 4672K, committed 4736K, reserved 1048576K
}

