# JRE version: Java(TM) SE Runtime Environment (8.0_171-b11) (build 1.8.0_171-b11)
# Java VM: Java HotSpot(TM) 64-Bit Server VM (25.171-b11 mixed mode windows-amd64 compressed oops)
Heap:
 PSYoungGen      total 83456K, used 32762K [0x00000000d5f00000, 0x00000000de600000, 0x0000000100000000)
  eden space 70656K, 46% used [0x00000000d5f00000,0x00000000d7efeb80,0x00000000da400000)
  from space 12800K, 0% used [0x00000000da400000,0x00000000da400000,0x00000000db080000)
  to   space 15360K, 0% used [0x00000000dd700000,0x00000000dd700000,0x00000000de600000)
 ParOldGen       total 63488K, used 19570K [0x0000000081c00000, 0x0000000085a00000, 0x00000000d5f00000)
  object space 63488K, 30% used [0x0000000081c00000,0x0000000082f1cb18,0x0000000085a00000)
 Metaspace       used 37138K, capacity 38652K, committed 38952K, reserved 1083392K
  class space    used 4833K, capacity 5086K, committed 5160K, reserved 1048576K
GC Heap History (10 events):
Event: 2.616 GC heap before
{Heap before GC invocations=5 (full 1):
 PSYoungGen      total 38400K, used 33280K [0x00000000d5f00000, 0x00000000daa00000, 0x0000000100000000)
  eden space 33280K, 100% used [0x00000000d5f00000,0x00000000d7f80000,0x00000000d7f80000)
  from space 5120K, 0% used [0x00000000d7f80000,0x00000000d7f80000,0x00000000d8480000)
  to   space 5120K, 0% used [0x00000000da500000,0x00000000da500000,0x00000000daa00000)
 ParOldGen       total 63488K, used 8376K [0x0000000081c00000, 0x0000000085a00000, 0x00000000d5f00000)
  object space 63488K, 13% used [0x0000000081c00000,0x000000008242e3b0,0x0000000085a00000)
 Metaspace       used 23953K, capacity 24606K, committed 24880K, reserved 1071104K
  class space    used 3116K, capacity 3279K, committed 3376K, reserved 1048576K
Event: 2.621 GC heap after
Heap after GC invocations=5 (full 1):
 PSYoungGen      total 53760K, used 4280K [0x00000000d5f00000, 0x00000000da980000, 0x0000000100000000)
  eden space 49152K, 0% used [0x00000000d5f00000,0x00000000d5f00000,0x00000000d8f00000)
  from space 4608K, 92% used [0x00000000da500000,0x00000000da92e1b8,0x00000000da980000)
  to   space 5120K, 0% used [0x00000000d9f80000,0x00000000d9f80000,0x00000000da480000)
 ParOldGen       total 63488K, used 8384K [0x0000000081c00000, 0x0000000085a00000, 0x00000000d5f00000)
  object space 63488K, 13% used [0x0000000081c00000,0x00000000824303b0,0x0000000085a00000)
 Metaspace       used 23953K, capacity 24606K, committed 24880K, reserved 1071104K
  class space    used 3116K, capacity 3279K, committed 3376K, reserved 1048576K
}
Event: 3.570 GC heap before
{Heap before GC invocations=6 (full 1):
 PSYoungGen      total 53760K, used 53432K [0x00000000d5f00000, 0x00000000da980000, 0x0000000100000000)
  eden space 49152K, 100% used [0x00000000d5f00000,0x00000000d8f00000,0x00000000d8f00000)
  from space 4608K, 92% used [0x00000000da500000,0x00000000da92e1b8,0x00000000da980000)
  to   space 5120K, 0% used [0x00000000d9f80000,0x00000000d9f80000,0x00000000da480000)
 ParOldGen       total 63488K, used 8384K [0x0000000081c00000, 0x0000000085a00000, 0x00000000d5f00000)
  object space 63488K, 13% used [0x0000000081c00000,0x00000000824303b0,0x0000000085a00000)
 Metaspace       used 27776K, capacity 28612K, committed 28720K, reserved 1075200K
  class space    used 3619K, capacity 3810K, committed 3888K, reserved 1048576K
Event: 3.581 GC heap after
Heap after GC invocations=6 (full 1):
 PSYoungGen      total 71168K, used 5117K [0x00000000d5f00000, 0x00000000dbb80000, 0x0000000100000000)
  eden space 66048K, 0% used [0x00000000d5f00000,0x00000000d5f00000,0x00000000d9f80000)
  from space 5120K, 99% used [0x00000000d9f80000,0x00000000da47f690,0x00000000da480000)
  to   space 11264K, 0% used [0x00000000db080000,0x00000000db080000,0x00000000dbb80000)
 ParOldGen       total 63488K, used 12828K [0x0000000081c00000, 0x0000000085a00000, 0x00000000d5f00000)
  object space 63488K, 20% used [0x0000000081c00000,0x0000000082887330,0x0000000085a00000)
 Metaspace       used 27776K, capacity 28612K, committed 28720K, reserved 1075200K
  class space    used 3619K, capacity 3810K, committed 3888K, reserved 1048576K
}
Event: 5.101 GC heap before
{Heap before GC invocations=7 (full 1):
 PSYoungGen      total 71168K, used 71165K [0x00000000d5f00000, 0x00000000dbb80000, 0x0000000100000000)
  eden space 66048K, 100% used [0x00000000d5f00000,0x00000000d9f80000,0x00000000d9f80000)
  from space 5120K, 99% used [0x00000000d9f80000,0x00000000da47f690,0x00000000da480000)
  to   space 11264K, 0% used [0x00000000db080000,0x00000000db080000,0x00000000dbb80000)
 ParOldGen       total 63488K, used 12828K [0x0000000081c00000, 0x0000000085a00000, 0x00000000d5f00000)
  object space 63488K, 20% used [0x0000000081c00000,0x0000000082887330,0x0000000085a00000)
 Metaspace       used 31411K, capacity 32672K, committed 32816K, reserved 1077248K
  class space    used 4064K, capacity 4306K, committed 4400K, reserved 1048576K
Event: 5.116 GC heap after
Heap after GC invocations=7 (full 1):
 PSYoungGen      total 81920K, used 11101K [0x00000000d5f00000, 0x00000000dd580000, 0x0000000100000000)
  eden space 70656K, 0% used [0x00000000d5f00000,0x00000000d5f00000,0x00000000da400000)
  from space 11264K, 98% used [0x00000000db080000,0x00000000dbb57780,0x00000000dbb80000)
  to   space 12800K, 0% used [0x00000000da400000,0x00000000da400000,0x00000000db080000)
 ParOldGen       total 63488K, used 12836K [0x0000000081c00000, 0x0000000085a00000, 0x00000000d5f00000)
  object space 63488K, 20% used [0x0000000081c00000,0x0000000082889330,0x0000000085a00000)
 Metaspace       used 31411K, capacity 32672K, committed 32816K, reserved 1077248K
  class space    used 4064K, capacity 4306K, committed 4400K, reserved 1048576K
}
Event: 6.041 GC heap before
{Heap before GC invocations=8 (full 1):
 PSYoungGen      total 81920K, used 75481K [0x00000000d5f00000, 0x00000000dd580000, 0x0000000100000000)
  eden space 70656K, 91% used [0x00000000d5f00000,0x00000000d9ddefd8,0x00000000da400000)
  from space 11264K, 98% used [0x00000000db080000,0x00000000dbb57780,0x00000000dbb80000)
  to   space 12800K, 0% used [0x00000000da400000,0x00000000da400000,0x00000000db080000)
 ParOldGen       total 63488K, used 12836K [0x0000000081c00000, 0x0000000085a00000, 0x00000000d5f00000)
  object space 63488K, 20% used [0x0000000081c00000,0x0000000082889330,0x0000000085a00000)
 Metaspace       used 33982K, capacity 35368K, committed 35496K, reserved 1079296K
  class space    used 4398K, capacity 4672K, committed 4776K, reserved 1048576K
Event: 6.070 GC heap after
Heap after GC invocations=8 (full 1):
 PSYoungGen      total 83456K, used 12774K [0x00000000d5f00000, 0x00000000de600000, 0x0000000100000000)
  eden space 70656K, 0% used [0x00000000d5f00000,0x00000000d5f00000,0x00000000da400000)
  from space 12800K, 99% used [0x00000000da400000,0x00000000db079aa0,0x00000000db080000)
  to   space 15360K, 0% used [0x00000000dd700000,0x00000000dd700000,0x00000000de600000)
 ParOldGen       total 63488K, used 13383K [0x0000000081c00000, 0x0000000085a00000, 0x00000000d5f00000)
  object space 63488K, 21% used [0x0000000081c00000,0x0000000082911d68,0x0000000085a00000)
 Metaspace       used 33982K, capacity 35368K, committed 35496K, reserved 1079296K
  class space    used 4398K, capacity 4672K, committed 4776K, reserved 1048576K
}
Event: 6.070 GC heap before
{Heap before GC invocations=9 (full 2):
 PSYoungGen      total 83456K, used 12774K [0x00000000d5f00000, 0x00000000de600000, 0x0000000100000000)
  eden space 70656K, 0% used [0x00000000d5f00000,0x00000000d5f00000,0x00000000da400000)
  from space 12800K, 99% used [0x00000000da400000,0x00000000db079aa0,0x00000000db080000)
  to   space 15360K, 0% used [0x00000000dd700000,0x00000000dd700000,0x00000000de600000)
 ParOldGen       total 63488K, used 13383K [0x0000000081c00000, 0x0000000085a00000, 0x00000000d5f00000)
  object space 63488K, 21% used [0x0000000081c00000,0x0000000082911d68,0x0000000085a00000)
 Metaspace       used 33982K, capacity 35368K, committed 35496K, reserved 1079296K
  class space    used 4398K, capacity 4672K, committed 4776K, reserved 1048576K
Event: 6.207 GC heap after
Heap after GC invocations=9 (full 2):
 PSYoungGen      total 83456K, used 0K [0x00000000d5f00000, 0x00000000de600000, 0x0000000100000000)
  eden space 70656K, 0% used [0x00000000d5f00000,0x00000000d5f00000,0x00000000da400000)
  from space 12800K, 0% used [0x00000000da400000,0x00000000da400000,0x00000000db080000)
  to   space 15360K, 0% used [0x00000000dd700000,0x00000000dd700000,0x00000000de600000)
 ParOldGen       total 63488K, used 19570K [0x0000000081c00000, 0x0000000085a00000, 0x00000000d5f00000)
  object space 63488K, 30% used [0x0000000081c00000,0x0000000082f1cb18,0x0000000085a00000)
 Metaspace       used 33982K, capacity 35368K, committed 35496K, reserved 1079296K
  class space    used 4398K, capacity 4672K, committed 4776K, reserved 1048576K
}

