# JRE version: Java(TM) SE Runtime Environment (8.0_171-b11) (build 1.8.0_171-b11)
# Java VM: Java HotSpot(TM) 64-Bit Server VM (25.171-b11 mixed mode windows-amd64 compressed oops)
Heap:
 PSYoungGen      total 87040K, used 9727K [0x00000000d5f00000, 0x00000000de600000, 0x0000000100000000)
  eden space 74240K, 13% used [0x00000000d5f00000,0x00000000d687ffc0,0x00000000da780000)
  from space 12800K, 0% used [0x00000000da780000,0x00000000da780000,0x00000000db400000)
  to   space 14848K, 0% used [0x00000000dd780000,0x00000000dd780000,0x00000000de600000)
 ParOldGen       total 104960K, used 19182K [0x0000000081c00000, 0x0000000088280000, 0x00000000d5f00000)
  object space 104960K, 18% used [0x0000000081c00000,0x0000000082ebbb18,0x0000000088280000)
 Metaspace       used 35206K, capacity 36454K, committed 36776K, reserved 1081344K
  class space    used 4548K, capacity 4791K, committed 4912K, reserved 1048576K
GC Heap History (10 events):
Event: 2.500 GC heap before
{Heap before GC invocations=5 (full 1):
 PSYoungGen      total 38400K, used 33280K [0x00000000d5f00000, 0x00000000daa00000, 0x0000000100000000)
  eden space 33280K, 100% used [0x00000000d5f00000,0x00000000d7f80000,0x00000000d7f80000)
  from space 5120K, 0% used [0x00000000d7f80000,0x00000000d7f80000,0x00000000d8480000)
  to   space 5120K, 0% used [0x00000000da500000,0x00000000da500000,0x00000000daa00000)
 ParOldGen       total 61952K, used 8429K [0x0000000081c00000, 0x0000000085880000, 0x00000000d5f00000)
  object space 61952K, 13% used [0x0000000081c00000,0x000000008243b728,0x0000000085880000)
 Metaspace       used 24012K, capacity 24734K, committed 24880K, reserved 1071104K
  class space    used 3119K, capacity 3305K, committed 3376K, reserved 1048576K
Event: 2.505 GC heap after
Heap after GC invocations=5 (full 1):
 PSYoungGen      total 54784K, used 4335K [0x00000000d5f00000, 0x00000000da980000, 0x0000000100000000)
  eden space 50176K, 0% used [0x00000000d5f00000,0x00000000d5f00000,0x00000000d9000000)
  from space 4608K, 94% used [0x00000000da500000,0x00000000da93be20,0x00000000da980000)
  to   space 5120K, 0% used [0x00000000d9f80000,0x00000000d9f80000,0x00000000da480000)
 ParOldGen       total 61952K, used 8437K [0x0000000081c00000, 0x0000000085880000, 0x00000000d5f00000)
  object space 61952K, 13% used [0x0000000081c00000,0x000000008243d728,0x0000000085880000)
 Metaspace       used 24012K, capacity 24734K, committed 24880K, reserved 1071104K
  class space    used 3119K, capacity 3305K, committed 3376K, reserved 1048576K
}
Event: 3.449 GC heap before
{Heap before GC invocations=6 (full 1):
 PSYoungGen      total 54784K, used 54511K [0x00000000d5f00000, 0x00000000da980000, 0x0000000100000000)
  eden space 50176K, 100% used [0x00000000d5f00000,0x00000000d9000000,0x00000000d9000000)
  from space 4608K, 94% used [0x00000000da500000,0x00000000da93be20,0x00000000da980000)
  to   space 5120K, 0% used [0x00000000d9f80000,0x00000000d9f80000,0x00000000da480000)
 ParOldGen       total 61952K, used 8437K [0x0000000081c00000, 0x0000000085880000, 0x00000000d5f00000)
  object space 61952K, 13% used [0x0000000081c00000,0x000000008243d728,0x0000000085880000)
 Metaspace       used 27800K, capacity 28682K, committed 28976K, reserved 1075200K
  class space    used 3606K, capacity 3811K, committed 3888K, reserved 1048576K
Event: 3.461 GC heap after
Heap after GC invocations=6 (full 1):
 PSYoungGen      total 71168K, used 5101K [0x00000000d5f00000, 0x00000000dbf80000, 0x0000000100000000)
  eden space 66048K, 0% used [0x00000000d5f00000,0x00000000d5f00000,0x00000000d9f80000)
  from space 5120K, 99% used [0x00000000d9f80000,0x00000000da47b658,0x00000000da480000)
  to   space 11776K, 0% used [0x00000000db400000,0x00000000db400000,0x00000000dbf80000)
 ParOldGen       total 61952K, used 12976K [0x0000000081c00000, 0x0000000085880000, 0x00000000d5f00000)
  object space 61952K, 20% used [0x0000000081c00000,0x00000000828ac098,0x0000000085880000)
 Metaspace       used 27800K, capacity 28682K, committed 28976K, reserved 1075200K
  class space    used 3606K, capacity 3811K, committed 3888K, reserved 1048576K
}
Event: 4.650 GC heap before
{Heap before GC invocations=7 (full 1):
 PSYoungGen      total 71168K, used 71149K [0x00000000d5f00000, 0x00000000dbf80000, 0x0000000100000000)
  eden space 66048K, 100% used [0x00000000d5f00000,0x00000000d9f80000,0x00000000d9f80000)
  from space 5120K, 99% used [0x00000000d9f80000,0x00000000da47b658,0x00000000da480000)
  to   space 11776K, 0% used [0x00000000db400000,0x00000000db400000,0x00000000dbf80000)
 ParOldGen       total 61952K, used 12976K [0x0000000081c00000, 0x0000000085880000, 0x00000000d5f00000)
  object space 61952K, 20% used [0x0000000081c00000,0x00000000828ac098,0x0000000085880000)
 Metaspace       used 31429K, capacity 32676K, committed 32816K, reserved 1077248K
  class space    used 4062K, capacity 4332K, committed 4400K, reserved 1048576K
Event: 4.661 GC heap after
Heap after GC invocations=7 (full 1):
 PSYoungGen      total 86016K, used 10619K [0x00000000d5f00000, 0x00000000dd700000, 0x0000000100000000)
  eden space 74240K, 0% used [0x00000000d5f00000,0x00000000d5f00000,0x00000000da780000)
  from space 11776K, 90% used [0x00000000db400000,0x00000000dbe5ef90,0x00000000dbf80000)
  to   space 12800K, 0% used [0x00000000da780000,0x00000000da780000,0x00000000db400000)
 ParOldGen       total 61952K, used 12984K [0x0000000081c00000, 0x0000000085880000, 0x00000000d5f00000)
  object space 61952K, 20% used [0x0000000081c00000,0x00000000828ae098,0x0000000085880000)
 Metaspace       used 31429K, capacity 32676K, committed 32816K, reserved 1077248K
  class space    used 4062K, capacity 4332K, committed 4400K, reserved 1048576K
}
Event: 5.755 GC heap before
{Heap before GC invocations=8 (full 1):
 PSYoungGen      total 86016K, used 46750K [0x00000000d5f00000, 0x00000000dd700000, 0x0000000100000000)
  eden space 74240K, 48% used [0x00000000d5f00000,0x00000000d82488c8,0x00000000da780000)
  from space 11776K, 90% used [0x00000000db400000,0x00000000dbe5ef90,0x00000000dbf80000)
  to   space 12800K, 0% used [0x00000000da780000,0x00000000da780000,0x00000000db400000)
 ParOldGen       total 61952K, used 12984K [0x0000000081c00000, 0x0000000085880000, 0x00000000d5f00000)
  object space 61952K, 20% used [0x0000000081c00000,0x00000000828ae098,0x0000000085880000)
 Metaspace       used 34171K, capacity 35398K, committed 35496K, reserved 1081344K
  class space    used 4408K, capacity 4631K, committed 4656K, reserved 1048576K
Event: 5.768 GC heap after
Heap after GC invocations=8 (full 1):
 PSYoungGen      total 87040K, used 12695K [0x00000000d5f00000, 0x00000000de600000, 0x0000000100000000)
  eden space 74240K, 0% used [0x00000000d5f00000,0x00000000d5f00000,0x00000000da780000)
  from space 12800K, 99% used [0x00000000da780000,0x00000000db3e5f00,0x00000000db400000)
  to   space 14848K, 0% used [0x00000000dd780000,0x00000000dd780000,0x00000000de600000)
 ParOldGen       total 61952K, used 12992K [0x0000000081c00000, 0x0000000085880000, 0x00000000d5f00000)
  object space 61952K, 20% used [0x0000000081c00000,0x00000000828b0098,0x0000000085880000)
 Metaspace       used 34171K, capacity 35398K, committed 35496K, reserved 1081344K
  class space    used 4408K, capacity 4631K, committed 4656K, reserved 1048576K
}
Event: 5.768 GC heap before
{Heap before GC invocations=9 (full 2):
 PSYoungGen      total 87040K, used 12695K [0x00000000d5f00000, 0x00000000de600000, 0x0000000100000000)
  eden space 74240K, 0% used [0x00000000d5f00000,0x00000000d5f00000,0x00000000da780000)
  from space 12800K, 99% used [0x00000000da780000,0x00000000db3e5f00,0x00000000db400000)
  to   space 14848K, 0% used [0x00000000dd780000,0x00000000dd780000,0x00000000de600000)
 ParOldGen       total 61952K, used 12992K [0x0000000081c00000, 0x0000000085880000, 0x00000000d5f00000)
  object space 61952K, 20% used [0x0000000081c00000,0x00000000828b0098,0x0000000085880000)
 Metaspace       used 34171K, capacity 35398K, committed 35496K, reserved 1081344K
  class space    used 4408K, capacity 4631K, committed 4656K, reserved 1048576K
Event: 5.866 GC heap after
Heap after GC invocations=9 (full 2):
 PSYoungGen      total 87040K, used 0K [0x00000000d5f00000, 0x00000000de600000, 0x0000000100000000)
  eden space 74240K, 0% used [0x00000000d5f00000,0x00000000d5f00000,0x00000000da780000)
  from space 12800K, 0% used [0x00000000da780000,0x00000000da780000,0x00000000db400000)
  to   space 14848K, 0% used [0x00000000dd780000,0x00000000dd780000,0x00000000de600000)
 ParOldGen       total 104960K, used 19182K [0x0000000081c00000, 0x0000000088280000, 0x00000000d5f00000)
  object space 104960K, 18% used [0x0000000081c00000,0x0000000082ebbb18,0x0000000088280000)
 Metaspace       used 34171K, capacity 35398K, committed 35496K, reserved 1081344K
  class space    used 4408K, capacity 4631K, committed 4656K, reserved 1048576K
}

