# JRE version: Java(TM) SE Runtime Environment (8.0_171-b11) (build 1.8.0_171-b11)
# Java VM: Java HotSpot(TM) 64-Bit Server VM (25.171-b11 mixed mode windows-amd64 compressed oops)
Heap:
 PSYoungGen      total 38400K, used 29131K [0x00000000d5f00000, 0x00000000d9a00000, 0x0000000100000000)
  eden space 33280K, 74% used [0x00000000d5f00000,0x00000000d7759e88,0x00000000d7f80000)
  from space 5120K, 81% used [0x00000000d8480000,0x00000000d8898fa0,0x00000000d8980000)
  to   space 5120K, 0% used [0x00000000d7f80000,0x00000000d7f80000,0x00000000d8480000)
 ParOldGen       total 62976K, used 8547K [0x0000000081c00000, 0x0000000085980000, 0x00000000d5f00000)
  object space 62976K, 13% used [0x0000000081c00000,0x0000000082458e58,0x0000000085980000)
 Metaspace       used 25996K, capacity 26774K, committed 26928K, reserved 1073152K
  class space    used 3400K, capacity 3597K, committed 3632K, reserved 1048576K
GC Heap History (10 events):
Event: 1.275 GC heap before
{Heap before GC invocations=1 (full 0):
 PSYoungGen      total 38400K, used 33280K [0x00000000d5f00000, 0x00000000d8980000, 0x0000000100000000)
  eden space 33280K, 100% used [0x00000000d5f00000,0x00000000d7f80000,0x00000000d7f80000)
  from space 5120K, 0% used [0x00000000d8480000,0x00000000d8480000,0x00000000d8980000)
  to   space 5120K, 0% used [0x00000000d7f80000,0x00000000d7f80000,0x00000000d8480000)
 ParOldGen       total 87552K, used 0K [0x0000000081c00000, 0x0000000087180000, 0x00000000d5f00000)
  object space 87552K, 0% used [0x0000000081c00000,0x0000000081c00000,0x0000000087180000)
 Metaspace       used 12022K, capacity 12378K, committed 12672K, reserved 1060864K
  class space    used 1495K, capacity 1609K, committed 1664K, reserved 1048576K
Event: 1.281 GC heap after
Heap after GC invocations=1 (full 0):
 PSYoungGen      total 38400K, used 5090K [0x00000000d5f00000, 0x00000000d8980000, 0x0000000100000000)
  eden space 33280K, 0% used [0x00000000d5f00000,0x00000000d5f00000,0x00000000d7f80000)
  from space 5120K, 99% used [0x00000000d7f80000,0x00000000d8478af0,0x00000000d8480000)
  to   space 5120K, 0% used [0x00000000d8480000,0x00000000d8480000,0x00000000d8980000)
 ParOldGen       total 87552K, used 303K [0x0000000081c00000, 0x0000000087180000, 0x00000000d5f00000)
  object space 87552K, 0% used [0x0000000081c00000,0x0000000081c4be10,0x0000000087180000)
 Metaspace       used 12022K, capacity 12378K, committed 12672K, reserved 1060864K
  class space    used 1495K, capacity 1609K, committed 1664K, reserved 1048576K
}
Event: 1.727 GC heap before
{Heap before GC invocations=2 (full 0):
 PSYoungGen      total 38400K, used 38370K [0x00000000d5f00000, 0x00000000d8980000, 0x0000000100000000)
  eden space 33280K, 100% used [0x00000000d5f00000,0x00000000d7f80000,0x00000000d7f80000)
  from space 5120K, 99% used [0x00000000d7f80000,0x00000000d8478af0,0x00000000d8480000)
  to   space 5120K, 0% used [0x00000000d8480000,0x00000000d8480000,0x00000000d8980000)
 ParOldGen       total 87552K, used 303K [0x0000000081c00000, 0x0000000087180000, 0x00000000d5f00000)
  object space 87552K, 0% used [0x0000000081c00000,0x0000000081c4be10,0x0000000087180000)
 Metaspace       used 16081K, capacity 16624K, committed 16896K, reserved 1064960K
  class space    used 2138K, capacity 2278K, committed 2304K, reserved 1048576K
Event: 1.738 GC heap after
Heap after GC invocations=2 (full 0):
 PSYoungGen      total 38400K, used 5094K [0x00000000d5f00000, 0x00000000d8980000, 0x0000000100000000)
  eden space 33280K, 0% used [0x00000000d5f00000,0x00000000d5f00000,0x00000000d7f80000)
  from space 5120K, 99% used [0x00000000d8480000,0x00000000d8979a40,0x00000000d8980000)
  to   space 5120K, 0% used [0x00000000d7f80000,0x00000000d7f80000,0x00000000d8480000)
 ParOldGen       total 87552K, used 2144K [0x0000000081c00000, 0x0000000087180000, 0x00000000d5f00000)
  object space 87552K, 2% used [0x0000000081c00000,0x0000000081e183d0,0x0000000087180000)
 Metaspace       used 16081K, capacity 16624K, committed 16896K, reserved 1064960K
  class space    used 2138K, capacity 2278K, committed 2304K, reserved 1048576K
}
Event: 2.295 GC heap before
{Heap before GC invocations=3 (full 0):
 PSYoungGen      total 38400K, used 36376K [0x00000000d5f00000, 0x00000000d8980000, 0x0000000100000000)
  eden space 33280K, 93% used [0x00000000d5f00000,0x00000000d7d8c9a0,0x00000000d7f80000)
  from space 5120K, 99% used [0x00000000d8480000,0x00000000d8979a40,0x00000000d8980000)
  to   space 5120K, 0% used [0x00000000d7f80000,0x00000000d7f80000,0x00000000d8480000)
 ParOldGen       total 87552K, used 2144K [0x0000000081c00000, 0x0000000087180000, 0x00000000d5f00000)
  object space 87552K, 2% used [0x0000000081c00000,0x0000000081e183d0,0x0000000087180000)
 Metaspace       used 20685K, capacity 21184K, committed 21296K, reserved 1067008K
  class space    used 2682K, capacity 2830K, committed 2864K, reserved 1048576K
Event: 2.306 GC heap after
Heap after GC invocations=3 (full 0):
 PSYoungGen      total 38400K, used 5100K [0x00000000d5f00000, 0x00000000d8980000, 0x0000000100000000)
  eden space 33280K, 0% used [0x00000000d5f00000,0x00000000d5f00000,0x00000000d7f80000)
  from space 5120K, 99% used [0x00000000d7f80000,0x00000000d847b0b8,0x00000000d8480000)
  to   space 5120K, 0% used [0x00000000d8480000,0x00000000d8480000,0x00000000d8980000)
 ParOldGen       total 87552K, used 5795K [0x0000000081c00000, 0x0000000087180000, 0x00000000d5f00000)
  object space 87552K, 6% used [0x0000000081c00000,0x00000000821a8ca8,0x0000000087180000)
 Metaspace       used 20685K, capacity 21184K, committed 21296K, reserved 1067008K
  class space    used 2682K, capacity 2830K, committed 2864K, reserved 1048576K
}
Event: 2.306 GC heap before
{Heap before GC invocations=4 (full 1):
 PSYoungGen      total 38400K, used 5100K [0x00000000d5f00000, 0x00000000d8980000, 0x0000000100000000)
  eden space 33280K, 0% used [0x00000000d5f00000,0x00000000d5f00000,0x00000000d7f80000)
  from space 5120K, 99% used [0x00000000d7f80000,0x00000000d847b0b8,0x00000000d8480000)
  to   space 5120K, 0% used [0x00000000d8480000,0x00000000d8480000,0x00000000d8980000)
 ParOldGen       total 87552K, used 5795K [0x0000000081c00000, 0x0000000087180000, 0x00000000d5f00000)
  object space 87552K, 6% used [0x0000000081c00000,0x00000000821a8ca8,0x0000000087180000)
 Metaspace       used 20685K, capacity 21184K, committed 21296K, reserved 1067008K
  class space    used 2682K, capacity 2830K, committed 2864K, reserved 1048576K
Event: 2.339 GC heap after
Heap after GC invocations=4 (full 1):
 PSYoungGen      total 38400K, used 0K [0x00000000d5f00000, 0x00000000d8980000, 0x0000000100000000)
  eden space 33280K, 0% used [0x00000000d5f00000,0x00000000d5f00000,0x00000000d7f80000)
  from space 5120K, 0% used [0x00000000d7f80000,0x00000000d7f80000,0x00000000d8480000)
  to   space 5120K, 0% used [0x00000000d8480000,0x00000000d8480000,0x00000000d8980000)
 ParOldGen       total 62976K, used 8539K [0x0000000081c00000, 0x0000000085980000, 0x00000000d5f00000)
  object space 62976K, 13% used [0x0000000081c00000,0x0000000082456e58,0x0000000085980000)
 Metaspace       used 20685K, capacity 21184K, committed 21296K, reserved 1067008K
  class space    used 2682K, capacity 2830K, committed 2864K, reserved 1048576K
}
Event: 2.721 GC heap before
{Heap before GC invocations=5 (full 1):
 PSYoungGen      total 38400K, used 33280K [0x00000000d5f00000, 0x00000000d8980000, 0x0000000100000000)
  eden space 33280K, 100% used [0x00000000d5f00000,0x00000000d7f80000,0x00000000d7f80000)
  from space 5120K, 0% used [0x00000000d7f80000,0x00000000d7f80000,0x00000000d8480000)
  to   space 5120K, 0% used [0x00000000d8480000,0x00000000d8480000,0x00000000d8980000)
 ParOldGen       total 62976K, used 8539K [0x0000000081c00000, 0x0000000085980000, 0x00000000d5f00000)
  object space 62976K, 13% used [0x0000000081c00000,0x0000000082456e58,0x0000000085980000)
 Metaspace       used 23973K, capacity 24670K, committed 24880K, reserved 1071104K
  class space    used 3116K, capacity 3305K, committed 3376K, reserved 1048576K
Event: 2.725 GC heap after
Heap after GC invocations=5 (full 1):
 PSYoungGen      total 38400K, used 4195K [0x00000000d5f00000, 0x00000000d9a00000, 0x0000000100000000)
  eden space 33280K, 0% used [0x00000000d5f00000,0x00000000d5f00000,0x00000000d7f80000)
  from space 5120K, 81% used [0x00000000d8480000,0x00000000d8898fa0,0x00000000d8980000)
  to   space 5120K, 0% used [0x00000000d7f80000,0x00000000d7f80000,0x00000000d8480000)
 ParOldGen       total 62976K, used 8547K [0x0000000081c00000, 0x0000000085980000, 0x00000000d5f00000)
  object space 62976K, 13% used [0x0000000081c00000,0x0000000082458e58,0x0000000085980000)
 Metaspace       used 23973K, capacity 24670K, committed 24880K, reserved 1071104K
  class space    used 3116K, capacity 3305K, committed 3376K, reserved 1048576K
}

