# JRE version: Java(TM) SE Runtime Environment (8.0_171-b11) (build 1.8.0_171-b11)
# Java VM: Java HotSpot(TM) 64-Bit Server VM (25.171-b11 mixed mode windows-amd64 compressed oops)
Heap:
 PSYoungGen      total 38400K, used 37090K [0x00000000d5f00000, 0x00000000d8980000, 0x0000000100000000)
  eden space 33280K, 96% used [0x00000000d5f00000,0x00000000d7e75f30,0x00000000d7f80000)
  from space 5120K, 95% used [0x00000000d8480000,0x00000000d8942c30,0x00000000d8980000)
  to   space 5120K, 0% used [0x00000000d7f80000,0x00000000d7f80000,0x00000000d8480000)
 ParOldGen       total 58880K, used 1365K [0x0000000081c00000, 0x0000000085580000, 0x00000000d5f00000)
  object space 58880K, 2% used [0x0000000081c00000,0x0000000081d557e0,0x0000000085580000)
 Metaspace       used 16519K, capacity 17034K, committed 17280K, reserved 1069056K
  class space    used 2212K, capacity 2349K, committed 2432K, reserved 1048576K
GC Heap History (6 events):
Event: 0.423 GC heap before
{Heap before GC invocations=1 (full 0):
 PSYoungGen      total 38400K, used 4003K [0x00000000d5f00000, 0x00000000d8980000, 0x0000000100000000)
  eden space 33280K, 12% used [0x00000000d5f00000,0x00000000d62e8c40,0x00000000d7f80000)
  from space 5120K, 0% used [0x00000000d8480000,0x00000000d8480000,0x00000000d8980000)
  to   space 5120K, 0% used [0x00000000d7f80000,0x00000000d7f80000,0x00000000d8480000)
 ParOldGen       total 87552K, used 0K [0x0000000081c00000, 0x0000000087180000, 0x00000000d5f00000)
  object space 87552K, 0% used [0x0000000081c00000,0x0000000081c00000,0x0000000087180000)
 Metaspace       used 4892K, capacity 4920K, committed 4992K, reserved 1060864K
  class space    used 590K, capacity 616K, committed 640K, reserved 1048576K
Event: 0.427 GC heap after
Heap after GC invocations=1 (full 0):
 PSYoungGen      total 38400K, used 1457K [0x00000000d5f00000, 0x00000000d8980000, 0x0000000100000000)
  eden space 33280K, 0% used [0x00000000d5f00000,0x00000000d5f00000,0x00000000d7f80000)
  from space 5120K, 28% used [0x00000000d7f80000,0x00000000d80ec428,0x00000000d8480000)
  to   space 5120K, 0% used [0x00000000d8480000,0x00000000d8480000,0x00000000d8980000)
 ParOldGen       total 87552K, used 8K [0x0000000081c00000, 0x0000000087180000, 0x00000000d5f00000)
  object space 87552K, 0% used [0x0000000081c00000,0x0000000081c02000,0x0000000087180000)
 Metaspace       used 4892K, capacity 4920K, committed 4992K, reserved 1060864K
  class space    used 590K, capacity 616K, committed 640K, reserved 1048576K
}
Event: 0.427 GC heap before
{Heap before GC invocations=2 (full 1):
 PSYoungGen      total 38400K, used 1457K [0x00000000d5f00000, 0x00000000d8980000, 0x0000000100000000)
  eden space 33280K, 0% used [0x00000000d5f00000,0x00000000d5f00000,0x00000000d7f80000)
  from space 5120K, 28% used [0x00000000d7f80000,0x00000000d80ec428,0x00000000d8480000)
  to   space 5120K, 0% used [0x00000000d8480000,0x00000000d8480000,0x00000000d8980000)
 ParOldGen       total 87552K, used 8K [0x0000000081c00000, 0x0000000087180000, 0x00000000d5f00000)
  object space 87552K, 0% used [0x0000000081c00000,0x0000000081c02000,0x0000000087180000)
 Metaspace       used 4892K, capacity 4920K, committed 4992K, reserved 1060864K
  class space    used 590K, capacity 616K, committed 640K, reserved 1048576K
Event: 0.436 GC heap after
Heap after GC invocations=2 (full 1):
 PSYoungGen      total 38400K, used 0K [0x00000000d5f00000, 0x00000000d8980000, 0x0000000100000000)
  eden space 33280K, 0% used [0x00000000d5f00000,0x00000000d5f00000,0x00000000d7f80000)
  from space 5120K, 0% used [0x00000000d7f80000,0x00000000d7f80000,0x00000000d8480000)
  to   space 5120K, 0% used [0x00000000d8480000,0x00000000d8480000,0x00000000d8980000)
 ParOldGen       total 58880K, used 1357K [0x0000000081c00000, 0x0000000085580000, 0x00000000d5f00000)
  object space 58880K, 2% used [0x0000000081c00000,0x0000000081d537e0,0x0000000085580000)
 Metaspace       used 4892K, capacity 4920K, committed 4992K, reserved 1058816K
  class space    used 590K, capacity 616K, committed 640K, reserved 1048576K
}
Event: 1.564 GC heap before
{Heap before GC invocations=3 (full 1):
 PSYoungGen      total 38400K, used 33280K [0x00000000d5f00000, 0x00000000d8980000, 0x0000000100000000)
  eden space 33280K, 100% used [0x00000000d5f00000,0x00000000d7f80000,0x00000000d7f80000)
  from space 5120K, 0% used [0x00000000d7f80000,0x00000000d7f80000,0x00000000d8480000)
  to   space 5120K, 0% used [0x00000000d8480000,0x00000000d8480000,0x00000000d8980000)
 ParOldGen       total 58880K, used 1357K [0x0000000081c00000, 0x0000000085580000, 0x00000000d5f00000)
  object space 58880K, 2% used [0x0000000081c00000,0x0000000081d537e0,0x0000000085580000)
 Metaspace       used 13132K, capacity 13544K, committed 13824K, reserved 1064960K
  class space    used 1623K, capacity 1734K, committed 1792K, reserved 1048576K
Event: 1.572 GC heap after
Heap after GC invocations=3 (full 1):
 PSYoungGen      total 38400K, used 4875K [0x00000000d5f00000, 0x00000000d8980000, 0x0000000100000000)
  eden space 33280K, 0% used [0x00000000d5f00000,0x00000000d5f00000,0x00000000d7f80000)
  from space 5120K, 95% used [0x00000000d8480000,0x00000000d8942c30,0x00000000d8980000)
  to   space 5120K, 0% used [0x00000000d7f80000,0x00000000d7f80000,0x00000000d8480000)
 ParOldGen       total 58880K, used 1365K [0x0000000081c00000, 0x0000000085580000, 0x00000000d5f00000)
  object space 58880K, 2% used [0x0000000081c00000,0x0000000081d557e0,0x0000000085580000)
 Metaspace       used 13132K, capacity 13544K, committed 13824K, reserved 1064960K
  class space    used 1623K, capacity 1734K, committed 1792K, reserved 1048576K
}

