# JRE version: Java(TM) SE Runtime Environment (8.0_171-b11) (build 1.8.0_171-b11)
# Java VM: Java HotSpot(TM) 64-Bit Server VM (25.171-b11 mixed mode windows-amd64 compressed oops)
Heap:
 PSYoungGen      total 38400K, used 30101K [0x00000000d5f00000, 0x00000000d9a80000, 0x0000000100000000)
  eden space 33280K, 77% used [0x00000000d5f00000,0x00000000d7848338,0x00000000d7f80000)
  from space 5120K, 82% used [0x00000000d8480000,0x00000000d889d420,0x00000000d8980000)
  to   space 5120K, 0% used [0x00000000d7f80000,0x00000000d7f80000,0x00000000d8480000)
 ParOldGen       total 61440K, used 8404K [0x0000000081c00000, 0x0000000085800000, 0x00000000d5f00000)
  object space 61440K, 13% used [0x0000000081c00000,0x0000000082435250,0x0000000085800000)
 Metaspace       used 26255K, capacity 27088K, committed 27312K, reserved 1073152K
  class space    used 3451K, capacity 3660K, committed 3760K, reserved 1048576K
GC Heap History (10 events):
Event: 1.268 GC heap before
{Heap before GC invocations=1 (full 0):
 PSYoungGen      total 38400K, used 33280K [0x00000000d5f00000, 0x00000000d8980000, 0x0000000100000000)
  eden space 33280K, 100% used [0x00000000d5f00000,0x00000000d7f80000,0x00000000d7f80000)
  from space 5120K, 0% used [0x00000000d8480000,0x00000000d8480000,0x00000000d8980000)
  to   space 5120K, 0% used [0x00000000d7f80000,0x00000000d7f80000,0x00000000d8480000)
 ParOldGen       total 87552K, used 0K [0x0000000081c00000, 0x0000000087180000, 0x00000000d5f00000)
  object space 87552K, 0% used [0x0000000081c00000,0x0000000081c00000,0x0000000087180000)
 Metaspace       used 12516K, capacity 12830K, committed 12928K, reserved 1060864K
  class space    used 1552K, capacity 1651K, committed 1664K, reserved 1048576K
Event: 1.275 GC heap after
Heap after GC invocations=1 (full 0):
 PSYoungGen      total 38400K, used 5109K [0x00000000d5f00000, 0x00000000d8980000, 0x0000000100000000)
  eden space 33280K, 0% used [0x00000000d5f00000,0x00000000d5f00000,0x00000000d7f80000)
  from space 5120K, 99% used [0x00000000d7f80000,0x00000000d847d5e0,0x00000000d8480000)
  to   space 5120K, 0% used [0x00000000d8480000,0x00000000d8480000,0x00000000d8980000)
 ParOldGen       total 87552K, used 501K [0x0000000081c00000, 0x0000000087180000, 0x00000000d5f00000)
  object space 87552K, 0% used [0x0000000081c00000,0x0000000081c7d780,0x0000000087180000)
 Metaspace       used 12516K, capacity 12830K, committed 12928K, reserved 1060864K
  class space    used 1552K, capacity 1651K, committed 1664K, reserved 1048576K
}
Event: 1.723 GC heap before
{Heap before GC invocations=2 (full 0):
 PSYoungGen      total 38400K, used 38389K [0x00000000d5f00000, 0x00000000d8980000, 0x0000000100000000)
  eden space 33280K, 100% used [0x00000000d5f00000,0x00000000d7f80000,0x00000000d7f80000)
  from space 5120K, 99% used [0x00000000d7f80000,0x00000000d847d5e0,0x00000000d8480000)
  to   space 5120K, 0% used [0x00000000d8480000,0x00000000d8480000,0x00000000d8980000)
 ParOldGen       total 87552K, used 501K [0x0000000081c00000, 0x0000000087180000, 0x00000000d5f00000)
  object space 87552K, 0% used [0x0000000081c00000,0x0000000081c7d780,0x0000000087180000)
 Metaspace       used 16196K, capacity 16738K, committed 17024K, reserved 1064960K
  class space    used 2162K, capacity 2315K, committed 2432K, reserved 1048576K
Event: 1.736 GC heap after
Heap after GC invocations=2 (full 0):
 PSYoungGen      total 38400K, used 5092K [0x00000000d5f00000, 0x00000000d8980000, 0x0000000100000000)
  eden space 33280K, 0% used [0x00000000d5f00000,0x00000000d5f00000,0x00000000d7f80000)
  from space 5120K, 99% used [0x00000000d8480000,0x00000000d8979240,0x00000000d8980000)
  to   space 5120K, 0% used [0x00000000d7f80000,0x00000000d7f80000,0x00000000d8480000)
 ParOldGen       total 87552K, used 2350K [0x0000000081c00000, 0x0000000087180000, 0x00000000d5f00000)
  object space 87552K, 2% used [0x0000000081c00000,0x0000000081e4b870,0x0000000087180000)
 Metaspace       used 16196K, capacity 16738K, committed 17024K, reserved 1064960K
  class space    used 2162K, capacity 2315K, committed 2432K, reserved 1048576K
}
Event: 2.236 GC heap before
{Heap before GC invocations=3 (full 0):
 PSYoungGen      total 38400K, used 34555K [0x00000000d5f00000, 0x00000000d8980000, 0x0000000100000000)
  eden space 33280K, 88% used [0x00000000d5f00000,0x00000000d7bc5c18,0x00000000d7f80000)
  from space 5120K, 99% used [0x00000000d8480000,0x00000000d8979240,0x00000000d8980000)
  to   space 5120K, 0% used [0x00000000d7f80000,0x00000000d7f80000,0x00000000d8480000)
 ParOldGen       total 87552K, used 2350K [0x0000000081c00000, 0x0000000087180000, 0x00000000d5f00000)
  object space 87552K, 2% used [0x0000000081c00000,0x0000000081e4b870,0x0000000087180000)
 Metaspace       used 20628K, capacity 21184K, committed 21296K, reserved 1067008K
  class space    used 2679K, capacity 2830K, committed 2864K, reserved 1048576K
Event: 2.248 GC heap after
Heap after GC invocations=3 (full 0):
 PSYoungGen      total 38400K, used 5115K [0x00000000d5f00000, 0x00000000d8980000, 0x0000000100000000)
  eden space 33280K, 0% used [0x00000000d5f00000,0x00000000d5f00000,0x00000000d7f80000)
  from space 5120K, 99% used [0x00000000d7f80000,0x00000000d847ee18,0x00000000d8480000)
  to   space 5120K, 0% used [0x00000000d8480000,0x00000000d8480000,0x00000000d8980000)
 ParOldGen       total 87552K, used 5764K [0x0000000081c00000, 0x0000000087180000, 0x00000000d5f00000)
  object space 87552K, 6% used [0x0000000081c00000,0x00000000821a1330,0x0000000087180000)
 Metaspace       used 20628K, capacity 21184K, committed 21296K, reserved 1067008K
  class space    used 2679K, capacity 2830K, committed 2864K, reserved 1048576K
}
Event: 2.248 GC heap before
{Heap before GC invocations=4 (full 1):
 PSYoungGen      total 38400K, used 5115K [0x00000000d5f00000, 0x00000000d8980000, 0x0000000100000000)
  eden space 33280K, 0% used [0x00000000d5f00000,0x00000000d5f00000,0x00000000d7f80000)
  from space 5120K, 99% used [0x00000000d7f80000,0x00000000d847ee18,0x00000000d8480000)
  to   space 5120K, 0% used [0x00000000d8480000,0x00000000d8480000,0x00000000d8980000)
 ParOldGen       total 87552K, used 5764K [0x0000000081c00000, 0x0000000087180000, 0x00000000d5f00000)
  object space 87552K, 6% used [0x0000000081c00000,0x00000000821a1330,0x0000000087180000)
 Metaspace       used 20628K, capacity 21184K, committed 21296K, reserved 1067008K
  class space    used 2679K, capacity 2830K, committed 2864K, reserved 1048576K
Event: 2.282 GC heap after
Heap after GC invocations=4 (full 1):
 PSYoungGen      total 38400K, used 0K [0x00000000d5f00000, 0x00000000d8980000, 0x0000000100000000)
  eden space 33280K, 0% used [0x00000000d5f00000,0x00000000d5f00000,0x00000000d7f80000)
  from space 5120K, 0% used [0x00000000d7f80000,0x00000000d7f80000,0x00000000d8480000)
  to   space 5120K, 0% used [0x00000000d8480000,0x00000000d8480000,0x00000000d8980000)
 ParOldGen       total 61440K, used 8332K [0x0000000081c00000, 0x0000000085800000, 0x00000000d5f00000)
  object space 61440K, 13% used [0x0000000081c00000,0x0000000082423240,0x0000000085800000)
 Metaspace       used 20628K, capacity 21184K, committed 21296K, reserved 1067008K
  class space    used 2679K, capacity 2830K, committed 2864K, reserved 1048576K
}
Event: 2.667 GC heap before
{Heap before GC invocations=5 (full 1):
 PSYoungGen      total 38400K, used 33280K [0x00000000d5f00000, 0x00000000d8980000, 0x0000000100000000)
  eden space 33280K, 100% used [0x00000000d5f00000,0x00000000d7f80000,0x00000000d7f80000)
  from space 5120K, 0% used [0x00000000d7f80000,0x00000000d7f80000,0x00000000d8480000)
  to   space 5120K, 0% used [0x00000000d8480000,0x00000000d8480000,0x00000000d8980000)
 ParOldGen       total 61440K, used 8332K [0x0000000081c00000, 0x0000000085800000, 0x00000000d5f00000)
  object space 61440K, 13% used [0x0000000081c00000,0x0000000082423240,0x0000000085800000)
 Metaspace       used 23925K, capacity 24606K, committed 24880K, reserved 1071104K
  class space    used 3123K, capacity 3305K, committed 3376K, reserved 1048576K
Event: 2.670 GC heap after
Heap after GC invocations=5 (full 1):
 PSYoungGen      total 38400K, used 4213K [0x00000000d5f00000, 0x00000000d9a80000, 0x0000000100000000)
  eden space 33280K, 0% used [0x00000000d5f00000,0x00000000d5f00000,0x00000000d7f80000)
  from space 5120K, 82% used [0x00000000d8480000,0x00000000d889d420,0x00000000d8980000)
  to   space 5120K, 0% used [0x00000000d7f80000,0x00000000d7f80000,0x00000000d8480000)
 ParOldGen       total 61440K, used 8404K [0x0000000081c00000, 0x0000000085800000, 0x00000000d5f00000)
  object space 61440K, 13% used [0x0000000081c00000,0x0000000082435250,0x0000000085800000)
 Metaspace       used 23925K, capacity 24606K, committed 24880K, reserved 1071104K
  class space    used 3123K, capacity 3305K, committed 3376K, reserved 1048576K
}

