# JRE version: Java(TM) SE Runtime Environment (8.0_171-b11) (build 1.8.0_171-b11)
# Java VM: Java HotSpot(TM) 64-Bit Server VM (25.171-b11 mixed mode windows-amd64 compressed oops)
Heap:
 PSYoungGen      total 103936K, used 70092K [0x00000000d5f00000, 0x00000000dd780000, 0x0000000100000000)
  eden space 94720K, 67% used [0x00000000d5f00000,0x00000000d9d40c60,0x00000000dbb80000)
  from space 9216K, 68% used [0x00000000dce80000,0x00000000dd4b26d8,0x00000000dd780000)
  to   space 14336K, 0% used [0x00000000dbb80000,0x00000000dbb80000,0x00000000dc980000)
 ParOldGen       total 106496K, used 19342K [0x0000000081c00000, 0x0000000088400000, 0x00000000d5f00000)
  object space 106496K, 18% used [0x0000000081c00000,0x0000000082ee3a58,0x0000000088400000)
 Metaspace       used 40440K, capacity 42064K, committed 42200K, reserved 1085440K
  class space    used 5268K, capacity 5546K, committed 5592K, reserved 1048576K
GC Heap History (10 events):
Event: 3.519 GC heap before
{Heap before GC invocations=6 (full 1):
 PSYoungGen      total 52736K, used 52380K [0x00000000d5f00000, 0x00000000da980000, 0x0000000100000000)
  eden space 48128K, 100% used [0x00000000d5f00000,0x00000000d8e00000,0x00000000d8e00000)
  from space 4608K, 92% used [0x00000000da500000,0x00000000da927320,0x00000000da980000)
  to   space 5120K, 0% used [0x00000000d9f80000,0x00000000d9f80000,0x00000000da480000)
 ParOldGen       total 64000K, used 8395K [0x0000000081c00000, 0x0000000085a80000, 0x00000000d5f00000)
  object space 64000K, 13% used [0x0000000081c00000,0x0000000082432e38,0x0000000085a80000)
 Metaspace       used 27478K, capacity 28324K, committed 28416K, reserved 1073152K
  class space    used 3579K, capacity 3778K, committed 3840K, reserved 1048576K
Event: 3.533 GC heap after
Heap after GC invocations=6 (full 1):
 PSYoungGen      total 71168K, used 5101K [0x00000000d5f00000, 0x00000000db980000, 0x0000000100000000)
  eden space 66048K, 0% used [0x00000000d5f00000,0x00000000d5f00000,0x00000000d9f80000)
  from space 5120K, 99% used [0x00000000d9f80000,0x00000000da47b6c0,0x00000000da480000)
  to   space 11264K, 0% used [0x00000000dae80000,0x00000000dae80000,0x00000000db980000)
 ParOldGen       total 64000K, used 12468K [0x0000000081c00000, 0x0000000085a80000, 0x00000000d5f00000)
  object space 64000K, 19% used [0x0000000081c00000,0x000000008282d310,0x0000000085a80000)
 Metaspace       used 27478K, capacity 28324K, committed 28416K, reserved 1073152K
  class space    used 3579K, capacity 3778K, committed 3840K, reserved 1048576K
}
Event: 4.743 GC heap before
{Heap before GC invocations=7 (full 1):
 PSYoungGen      total 71168K, used 71149K [0x00000000d5f00000, 0x00000000db980000, 0x0000000100000000)
  eden space 66048K, 100% used [0x00000000d5f00000,0x00000000d9f80000,0x00000000d9f80000)
  from space 5120K, 99% used [0x00000000d9f80000,0x00000000da47b6c0,0x00000000da480000)
  to   space 11264K, 0% used [0x00000000dae80000,0x00000000dae80000,0x00000000db980000)
 ParOldGen       total 64000K, used 12468K [0x0000000081c00000, 0x0000000085a80000, 0x00000000d5f00000)
  object space 64000K, 19% used [0x0000000081c00000,0x000000008282d310,0x0000000085a80000)
 Metaspace       used 31121K, capacity 32350K, committed 32512K, reserved 1077248K
  class space    used 4022K, capacity 4267K, committed 4352K, reserved 1048576K
Event: 4.759 GC heap after
Heap after GC invocations=7 (full 1):
 PSYoungGen      total 79872K, used 10753K [0x00000000d5f00000, 0x00000000dd500000, 0x0000000100000000)
  eden space 68608K, 0% used [0x00000000d5f00000,0x00000000d5f00000,0x00000000da200000)
  from space 11264K, 95% used [0x00000000dae80000,0x00000000db9004c0,0x00000000db980000)
  to   space 12800K, 0% used [0x00000000da200000,0x00000000da200000,0x00000000dae80000)
 ParOldGen       total 64000K, used 12476K [0x0000000081c00000, 0x0000000085a80000, 0x00000000d5f00000)
  object space 64000K, 19% used [0x0000000081c00000,0x000000008282f310,0x0000000085a80000)
 Metaspace       used 31121K, capacity 32350K, committed 32512K, reserved 1077248K
  class space    used 4022K, capacity 4267K, committed 4352K, reserved 1048576K
}
Event: 5.519 GC heap before
{Heap before GC invocations=8 (full 1):
 PSYoungGen      total 79872K, used 51569K [0x00000000d5f00000, 0x00000000dd500000, 0x0000000100000000)
  eden space 68608K, 59% used [0x00000000d5f00000,0x00000000d86dbf60,0x00000000da200000)
  from space 11264K, 95% used [0x00000000dae80000,0x00000000db9004c0,0x00000000db980000)
  to   space 12800K, 0% used [0x00000000da200000,0x00000000da200000,0x00000000dae80000)
 ParOldGen       total 64000K, used 12476K [0x0000000081c00000, 0x0000000085a80000, 0x00000000d5f00000)
  object space 64000K, 19% used [0x0000000081c00000,0x000000008282f310,0x0000000085a80000)
 Metaspace       used 34047K, capacity 35270K, committed 35416K, reserved 1079296K
  class space    used 4388K, capacity 4631K, committed 4696K, reserved 1048576K
Event: 5.531 GC heap after
Heap after GC invocations=8 (full 1):
 PSYoungGen      total 81408K, used 12797K [0x00000000d5f00000, 0x00000000ddd00000, 0x0000000100000000)
  eden space 68608K, 0% used [0x00000000d5f00000,0x00000000d5f00000,0x00000000da200000)
  from space 12800K, 99% used [0x00000000da200000,0x00000000dae7f738,0x00000000dae80000)
  to   space 14848K, 0% used [0x00000000dce80000,0x00000000dce80000,0x00000000ddd00000)
 ParOldGen       total 64000K, used 12920K [0x0000000081c00000, 0x0000000085a80000, 0x00000000d5f00000)
  object space 64000K, 20% used [0x0000000081c00000,0x000000008289e298,0x0000000085a80000)
 Metaspace       used 34047K, capacity 35270K, committed 35416K, reserved 1079296K
  class space    used 4388K, capacity 4631K, committed 4696K, reserved 1048576K
}
Event: 5.531 GC heap before
{Heap before GC invocations=9 (full 2):
 PSYoungGen      total 81408K, used 12797K [0x00000000d5f00000, 0x00000000ddd00000, 0x0000000100000000)
  eden space 68608K, 0% used [0x00000000d5f00000,0x00000000d5f00000,0x00000000da200000)
  from space 12800K, 99% used [0x00000000da200000,0x00000000dae7f738,0x00000000dae80000)
  to   space 14848K, 0% used [0x00000000dce80000,0x00000000dce80000,0x00000000ddd00000)
 ParOldGen       total 64000K, used 12920K [0x0000000081c00000, 0x0000000085a80000, 0x00000000d5f00000)
  object space 64000K, 20% used [0x0000000081c00000,0x000000008289e298,0x0000000085a80000)
 Metaspace       used 34047K, capacity 35270K, committed 35416K, reserved 1079296K
  class space    used 4388K, capacity 4631K, committed 4696K, reserved 1048576K
Event: 5.613 GC heap after
Heap after GC invocations=9 (full 2):
 PSYoungGen      total 81408K, used 0K [0x00000000d5f00000, 0x00000000ddd00000, 0x0000000100000000)
  eden space 68608K, 0% used [0x00000000d5f00000,0x00000000d5f00000,0x00000000da200000)
  from space 12800K, 0% used [0x00000000da200000,0x00000000da200000,0x00000000dae80000)
  to   space 14848K, 0% used [0x00000000dce80000,0x00000000dce80000,0x00000000ddd00000)
 ParOldGen       total 106496K, used 19334K [0x0000000081c00000, 0x0000000088400000, 0x00000000d5f00000)
  object space 106496K, 18% used [0x0000000081c00000,0x0000000082ee1a58,0x0000000088400000)
 Metaspace       used 34047K, capacity 35270K, committed 35416K, reserved 1079296K
  class space    used 4388K, capacity 4631K, committed 4696K, reserved 1048576K
}
Event: 6.913 GC heap before
{Heap before GC invocations=10 (full 2):
 PSYoungGen      total 81408K, used 68608K [0x00000000d5f00000, 0x00000000ddd00000, 0x0000000100000000)
  eden space 68608K, 100% used [0x00000000d5f00000,0x00000000da200000,0x00000000da200000)
  from space 12800K, 0% used [0x00000000da200000,0x00000000da200000,0x00000000dae80000)
  to   space 14848K, 0% used [0x00000000dce80000,0x00000000dce80000,0x00000000ddd00000)
 ParOldGen       total 106496K, used 19334K [0x0000000081c00000, 0x0000000088400000, 0x00000000d5f00000)
  object space 106496K, 18% used [0x0000000081c00000,0x0000000082ee1a58,0x0000000088400000)
 Metaspace       used 37145K, capacity 38438K, committed 38744K, reserved 1083392K
  class space    used 4835K, capacity 5111K, committed 5208K, reserved 1048576K
Event: 6.922 GC heap after
Heap after GC invocations=10 (full 2):
 PSYoungGen      total 103936K, used 6345K [0x00000000d5f00000, 0x00000000dd780000, 0x0000000100000000)
  eden space 94720K, 0% used [0x00000000d5f00000,0x00000000d5f00000,0x00000000dbb80000)
  from space 9216K, 68% used [0x00000000dce80000,0x00000000dd4b26d8,0x00000000dd780000)
  to   space 14336K, 0% used [0x00000000dbb80000,0x00000000dbb80000,0x00000000dc980000)
 ParOldGen       total 106496K, used 19342K [0x0000000081c00000, 0x0000000088400000, 0x00000000d5f00000)
  object space 106496K, 18% used [0x0000000081c00000,0x0000000082ee3a58,0x0000000088400000)
 Metaspace       used 37145K, capacity 38438K, committed 38744K, reserved 1083392K
  class space    used 4835K, capacity 5111K, committed 5208K, reserved 1048576K
}

