# JRE version: Java(TM) SE Runtime Environment (8.0_171-b11) (build 1.8.0_171-b11)
# Java VM: Java HotSpot(TM) 64-Bit Server VM (25.171-b11 mixed mode windows-amd64 compressed oops)
Heap:
 PSYoungGen      total 84480K, used 1138K [0x00000000d5f00000, 0x00000000de600000, 0x0000000100000000)
  eden space 71680K, 1% used [0x00000000d5f00000,0x00000000d601c810,0x00000000da500000)
  from space 12800K, 0% used [0x00000000da500000,0x00000000da500000,0x00000000db180000)
  to   space 14848K, 0% used [0x00000000dd780000,0x00000000dd780000,0x00000000de600000)
 ParOldGen       total 106496K, used 19566K [0x0000000081c00000, 0x0000000088400000, 0x00000000d5f00000)
  object space 106496K, 18% used [0x0000000081c00000,0x0000000082f1b928,0x0000000088400000)
 Metaspace       used 34499K, capacity 35862K, committed 36008K, reserved 1081344K
  class space    used 4453K, capacity 4705K, committed 4776K, reserved 1048576K
GC Heap History (10 events):
Event: 2.628 GC heap before
{Heap before GC invocations=5 (full 1):
 PSYoungGen      total 38400K, used 33280K [0x00000000d5f00000, 0x00000000daa00000, 0x0000000100000000)
  eden space 33280K, 100% used [0x00000000d5f00000,0x00000000d7f80000,0x00000000d7f80000)
  from space 5120K, 0% used [0x00000000d7f80000,0x00000000d7f80000,0x00000000d8480000)
  to   space 5120K, 0% used [0x00000000da500000,0x00000000da500000,0x00000000daa00000)
 ParOldGen       total 64000K, used 8345K [0x0000000081c00000, 0x0000000085a80000, 0x00000000d5f00000)
  object space 64000K, 13% used [0x0000000081c00000,0x0000000082426630,0x0000000085a80000)
 Metaspace       used 23960K, capacity 24610K, committed 24880K, reserved 1071104K
  class space    used 3118K, capacity 3305K, committed 3376K, reserved 1048576K
Event: 2.633 GC heap after
Heap after GC invocations=5 (full 1):
 PSYoungGen      total 53760K, used 4327K [0x00000000d5f00000, 0x00000000da980000, 0x0000000100000000)
  eden space 49152K, 0% used [0x00000000d5f00000,0x00000000d5f00000,0x00000000d8f00000)
  from space 4608K, 93% used [0x00000000da500000,0x00000000da939de8,0x00000000da980000)
  to   space 5120K, 0% used [0x00000000d9f80000,0x00000000d9f80000,0x00000000da480000)
 ParOldGen       total 64000K, used 8353K [0x0000000081c00000, 0x0000000085a80000, 0x00000000d5f00000)
  object space 64000K, 13% used [0x0000000081c00000,0x0000000082428630,0x0000000085a80000)
 Metaspace       used 23960K, capacity 24610K, committed 24880K, reserved 1071104K
  class space    used 3118K, capacity 3305K, committed 3376K, reserved 1048576K
}
Event: 3.645 GC heap before
{Heap before GC invocations=6 (full 1):
 PSYoungGen      total 53760K, used 53479K [0x00000000d5f00000, 0x00000000da980000, 0x0000000100000000)
  eden space 49152K, 100% used [0x00000000d5f00000,0x00000000d8f00000,0x00000000d8f00000)
  from space 4608K, 93% used [0x00000000da500000,0x00000000da939de8,0x00000000da980000)
  to   space 5120K, 0% used [0x00000000d9f80000,0x00000000d9f80000,0x00000000da480000)
 ParOldGen       total 64000K, used 8353K [0x0000000081c00000, 0x0000000085a80000, 0x00000000d5f00000)
  object space 64000K, 13% used [0x0000000081c00000,0x0000000082428630,0x0000000085a80000)
 Metaspace       used 27820K, capacity 28680K, committed 28976K, reserved 1075200K
  class space    used 3622K, capacity 3810K, committed 3888K, reserved 1048576K
Event: 3.664 GC heap after
Heap after GC invocations=6 (full 1):
 PSYoungGen      total 71168K, used 5111K [0x00000000d5f00000, 0x00000000dbc80000, 0x0000000100000000)
  eden space 66048K, 0% used [0x00000000d5f00000,0x00000000d5f00000,0x00000000d9f80000)
  from space 5120K, 99% used [0x00000000d9f80000,0x00000000da47dec0,0x00000000da480000)
  to   space 11264K, 0% used [0x00000000db180000,0x00000000db180000,0x00000000dbc80000)
 ParOldGen       total 64000K, used 12718K [0x0000000081c00000, 0x0000000085a80000, 0x00000000d5f00000)
  object space 64000K, 19% used [0x0000000081c00000,0x000000008286b818,0x0000000085a80000)
 Metaspace       used 27820K, capacity 28680K, committed 28976K, reserved 1075200K
  class space    used 3622K, capacity 3810K, committed 3888K, reserved 1048576K
}
Event: 4.871 GC heap before
{Heap before GC invocations=7 (full 1):
 PSYoungGen      total 71168K, used 71159K [0x00000000d5f00000, 0x00000000dbc80000, 0x0000000100000000)
  eden space 66048K, 100% used [0x00000000d5f00000,0x00000000d9f80000,0x00000000d9f80000)
  from space 5120K, 99% used [0x00000000d9f80000,0x00000000da47dec0,0x00000000da480000)
  to   space 11264K, 0% used [0x00000000db180000,0x00000000db180000,0x00000000dbc80000)
 ParOldGen       total 64000K, used 12718K [0x0000000081c00000, 0x0000000085a80000, 0x00000000d5f00000)
  object space 64000K, 19% used [0x0000000081c00000,0x000000008286b818,0x0000000085a80000)
 Metaspace       used 31431K, capacity 32680K, committed 32816K, reserved 1077248K
  class space    used 4070K, capacity 4306K, committed 4400K, reserved 1048576K
Event: 4.885 GC heap after
Heap after GC invocations=7 (full 1):
 PSYoungGen      total 82944K, used 11015K [0x00000000d5f00000, 0x00000000dd700000, 0x0000000100000000)
  eden space 71680K, 0% used [0x00000000d5f00000,0x00000000d5f00000,0x00000000da500000)
  from space 11264K, 97% used [0x00000000db180000,0x00000000dbc41f70,0x00000000dbc80000)
  to   space 12800K, 0% used [0x00000000da500000,0x00000000da500000,0x00000000db180000)
 ParOldGen       total 64000K, used 12726K [0x0000000081c00000, 0x0000000085a80000, 0x00000000d5f00000)
  object space 64000K, 19% used [0x0000000081c00000,0x000000008286d818,0x0000000085a80000)
 Metaspace       used 31431K, capacity 32680K, committed 32816K, reserved 1077248K
  class space    used 4070K, capacity 4306K, committed 4400K, reserved 1048576K
}
Event: 5.783 GC heap before
{Heap before GC invocations=8 (full 1):
 PSYoungGen      total 82944K, used 74640K [0x00000000d5f00000, 0x00000000dd700000, 0x0000000100000000)
  eden space 71680K, 88% used [0x00000000d5f00000,0x00000000d9d220b0,0x00000000da500000)
  from space 11264K, 97% used [0x00000000db180000,0x00000000dbc41f70,0x00000000dbc80000)
  to   space 12800K, 0% used [0x00000000da500000,0x00000000da500000,0x00000000db180000)
 ParOldGen       total 64000K, used 12726K [0x0000000081c00000, 0x0000000085a80000, 0x00000000d5f00000)
  object space 64000K, 19% used [0x0000000081c00000,0x000000008286d818,0x0000000085a80000)
 Metaspace       used 33987K, capacity 35376K, committed 35496K, reserved 1079296K
  class space    used 4398K, capacity 4672K, committed 4776K, reserved 1048576K
Event: 5.804 GC heap after
Heap after GC invocations=8 (full 1):
 PSYoungGen      total 84480K, used 12797K [0x00000000d5f00000, 0x00000000de600000, 0x0000000100000000)
  eden space 71680K, 0% used [0x00000000d5f00000,0x00000000d5f00000,0x00000000da500000)
  from space 12800K, 99% used [0x00000000da500000,0x00000000db17f4c8,0x00000000db180000)
  to   space 14848K, 0% used [0x00000000dd780000,0x00000000dd780000,0x00000000de600000)
 ParOldGen       total 64000K, used 13213K [0x0000000081c00000, 0x0000000085a80000, 0x00000000d5f00000)
  object space 64000K, 20% used [0x0000000081c00000,0x00000000828e75c8,0x0000000085a80000)
 Metaspace       used 33987K, capacity 35376K, committed 35496K, reserved 1079296K
  class space    used 4398K, capacity 4672K, committed 4776K, reserved 1048576K
}
Event: 5.804 GC heap before
{Heap before GC invocations=9 (full 2):
 PSYoungGen      total 84480K, used 12797K [0x00000000d5f00000, 0x00000000de600000, 0x0000000100000000)
  eden space 71680K, 0% used [0x00000000d5f00000,0x00000000d5f00000,0x00000000da500000)
  from space 12800K, 99% used [0x00000000da500000,0x00000000db17f4c8,0x00000000db180000)
  to   space 14848K, 0% used [0x00000000dd780000,0x00000000dd780000,0x00000000de600000)
 ParOldGen       total 64000K, used 13213K [0x0000000081c00000, 0x0000000085a80000, 0x00000000d5f00000)
  object space 64000K, 20% used [0x0000000081c00000,0x00000000828e75c8,0x0000000085a80000)
 Metaspace       used 33987K, capacity 35376K, committed 35496K, reserved 1079296K
  class space    used 4398K, capacity 4672K, committed 4776K, reserved 1048576K
Event: 5.912 GC heap after
Heap after GC invocations=9 (full 2):
 PSYoungGen      total 84480K, used 0K [0x00000000d5f00000, 0x00000000de600000, 0x0000000100000000)
  eden space 71680K, 0% used [0x00000000d5f00000,0x00000000d5f00000,0x00000000da500000)
  from space 12800K, 0% used [0x00000000da500000,0x00000000da500000,0x00000000db180000)
  to   space 14848K, 0% used [0x00000000dd780000,0x00000000dd780000,0x00000000de600000)
 ParOldGen       total 106496K, used 19566K [0x0000000081c00000, 0x0000000088400000, 0x00000000d5f00000)
  object space 106496K, 18% used [0x0000000081c00000,0x0000000082f1b928,0x0000000088400000)
 Metaspace       used 33987K, capacity 35376K, committed 35496K, reserved 1079296K
  class space    used 4398K, capacity 4672K, committed 4776K, reserved 1048576K
}

