# JRE version: Java(TM) SE Runtime Environment (8.0_171-b11) (build 1.8.0_171-b11)
# Java VM: Java HotSpot(TM) 64-Bit Server VM (25.171-b11 mixed mode windows-amd64 compressed oops)
Heap:
 PSYoungGen      total 55296K, used 44191K [0x00000000d5f00000, 0x00000000da980000, 0x0000000100000000)
  eden space 50688K, 79% used [0x00000000d5f00000,0x00000000d8626cb8,0x00000000d9080000)
  from space 4608K, 88% used [0x00000000da500000,0x00000000da9010b0,0x00000000da980000)
  to   space 5120K, 0% used [0x00000000d9f80000,0x00000000d9f80000,0x00000000da480000)
 ParOldGen       total 63488K, used 8547K [0x0000000081c00000, 0x0000000085a00000, 0x00000000d5f00000)
  object space 63488K, 13% used [0x0000000081c00000,0x0000000082458ea8,0x0000000085a00000)
 Metaspace       used 27100K, capacity 27912K, committed 28160K, reserved 1073152K
  class space    used 3532K, capacity 3734K, committed 3840K, reserved 1048576K
GC Heap History (10 events):
Event: 1.379 GC heap before
{Heap before GC invocations=1 (full 0):
 PSYoungGen      total 38400K, used 33280K [0x00000000d5f00000, 0x00000000d8980000, 0x0000000100000000)
  eden space 33280K, 100% used [0x00000000d5f00000,0x00000000d7f80000,0x00000000d7f80000)
  from space 5120K, 0% used [0x00000000d8480000,0x00000000d8480000,0x00000000d8980000)
  to   space 5120K, 0% used [0x00000000d7f80000,0x00000000d7f80000,0x00000000d8480000)
 ParOldGen       total 87552K, used 0K [0x0000000081c00000, 0x0000000087180000, 0x00000000d5f00000)
  object space 87552K, 0% used [0x0000000081c00000,0x0000000081c00000,0x0000000087180000)
 Metaspace       used 12510K, capacity 12830K, committed 12928K, reserved 1060864K
  class space    used 1551K, capacity 1651K, committed 1664K, reserved 1048576K
Event: 1.387 GC heap after
Heap after GC invocations=1 (full 0):
 PSYoungGen      total 38400K, used 5103K [0x00000000d5f00000, 0x00000000d8980000, 0x0000000100000000)
  eden space 33280K, 0% used [0x00000000d5f00000,0x00000000d5f00000,0x00000000d7f80000)
  from space 5120K, 99% used [0x00000000d7f80000,0x00000000d847bc30,0x00000000d8480000)
  to   space 5120K, 0% used [0x00000000d8480000,0x00000000d8480000,0x00000000d8980000)
 ParOldGen       total 87552K, used 459K [0x0000000081c00000, 0x0000000087180000, 0x00000000d5f00000)
  object space 87552K, 0% used [0x0000000081c00000,0x0000000081c72eb8,0x0000000087180000)
 Metaspace       used 12510K, capacity 12830K, committed 12928K, reserved 1060864K
  class space    used 1551K, capacity 1651K, committed 1664K, reserved 1048576K
}
Event: 1.958 GC heap before
{Heap before GC invocations=2 (full 0):
 PSYoungGen      total 38400K, used 38383K [0x00000000d5f00000, 0x00000000d8980000, 0x0000000100000000)
  eden space 33280K, 100% used [0x00000000d5f00000,0x00000000d7f80000,0x00000000d7f80000)
  from space 5120K, 99% used [0x00000000d7f80000,0x00000000d847bc30,0x00000000d8480000)
  to   space 5120K, 0% used [0x00000000d8480000,0x00000000d8480000,0x00000000d8980000)
 ParOldGen       total 87552K, used 459K [0x0000000081c00000, 0x0000000087180000, 0x00000000d5f00000)
  object space 87552K, 0% used [0x0000000081c00000,0x0000000081c72eb8,0x0000000087180000)
 Metaspace       used 16285K, capacity 16798K, committed 17024K, reserved 1064960K
  class space    used 2167K, capacity 2315K, committed 2432K, reserved 1048576K
Event: 1.969 GC heap after
Heap after GC invocations=2 (full 0):
 PSYoungGen      total 38400K, used 5113K [0x00000000d5f00000, 0x00000000daa00000, 0x0000000100000000)
  eden space 33280K, 0% used [0x00000000d5f00000,0x00000000d5f00000,0x00000000d7f80000)
  from space 5120K, 99% used [0x00000000d8480000,0x00000000d897e620,0x00000000d8980000)
  to   space 5120K, 0% used [0x00000000d7f80000,0x00000000d7f80000,0x00000000d8480000)
 ParOldGen       total 87552K, used 2409K [0x0000000081c00000, 0x0000000087180000, 0x00000000d5f00000)
  object space 87552K, 2% used [0x0000000081c00000,0x0000000081e5a470,0x0000000087180000)
 Metaspace       used 16285K, capacity 16798K, committed 17024K, reserved 1064960K
  class space    used 2167K, capacity 2315K, committed 2432K, reserved 1048576K
}
Event: 2.493 GC heap before
{Heap before GC invocations=3 (full 0):
 PSYoungGen      total 38400K, used 35184K [0x00000000d5f00000, 0x00000000daa00000, 0x0000000100000000)
  eden space 33280K, 90% used [0x00000000d5f00000,0x00000000d7c5dc10,0x00000000d7f80000)
  from space 5120K, 99% used [0x00000000d8480000,0x00000000d897e620,0x00000000d8980000)
  to   space 5120K, 0% used [0x00000000d7f80000,0x00000000d7f80000,0x00000000d8480000)
 ParOldGen       total 87552K, used 2409K [0x0000000081c00000, 0x0000000087180000, 0x00000000d5f00000)
  object space 87552K, 2% used [0x0000000081c00000,0x0000000081e5a470,0x0000000087180000)
 Metaspace       used 20626K, capacity 21176K, committed 21248K, reserved 1067008K
  class space    used 2671K, capacity 2802K, committed 2816K, reserved 1048576K
Event: 2.502 GC heap after
Heap after GC invocations=3 (full 0):
 PSYoungGen      total 38400K, used 5113K [0x00000000d5f00000, 0x00000000daa00000, 0x0000000100000000)
  eden space 33280K, 0% used [0x00000000d5f00000,0x00000000d5f00000,0x00000000d7f80000)
  from space 5120K, 99% used [0x00000000d7f80000,0x00000000d847e620,0x00000000d8480000)
  to   space 5120K, 0% used [0x00000000da500000,0x00000000da500000,0x00000000daa00000)
 ParOldGen       total 87552K, used 5981K [0x0000000081c00000, 0x0000000087180000, 0x00000000d5f00000)
  object space 87552K, 6% used [0x0000000081c00000,0x00000000821d7458,0x0000000087180000)
 Metaspace       used 20626K, capacity 21176K, committed 21248K, reserved 1067008K
  class space    used 2671K, capacity 2802K, committed 2816K, reserved 1048576K
}
Event: 2.502 GC heap before
{Heap before GC invocations=4 (full 1):
 PSYoungGen      total 38400K, used 5113K [0x00000000d5f00000, 0x00000000daa00000, 0x0000000100000000)
  eden space 33280K, 0% used [0x00000000d5f00000,0x00000000d5f00000,0x00000000d7f80000)
  from space 5120K, 99% used [0x00000000d7f80000,0x00000000d847e620,0x00000000d8480000)
  to   space 5120K, 0% used [0x00000000da500000,0x00000000da500000,0x00000000daa00000)
 ParOldGen       total 87552K, used 5981K [0x0000000081c00000, 0x0000000087180000, 0x00000000d5f00000)
  object space 87552K, 6% used [0x0000000081c00000,0x00000000821d7458,0x0000000087180000)
 Metaspace       used 20626K, capacity 21176K, committed 21248K, reserved 1067008K
  class space    used 2671K, capacity 2802K, committed 2816K, reserved 1048576K
Event: 2.535 GC heap after
Heap after GC invocations=4 (full 1):
 PSYoungGen      total 38400K, used 0K [0x00000000d5f00000, 0x00000000daa00000, 0x0000000100000000)
  eden space 33280K, 0% used [0x00000000d5f00000,0x00000000d5f00000,0x00000000d7f80000)
  from space 5120K, 0% used [0x00000000d7f80000,0x00000000d7f80000,0x00000000d8480000)
  to   space 5120K, 0% used [0x00000000da500000,0x00000000da500000,0x00000000daa00000)
 ParOldGen       total 63488K, used 8539K [0x0000000081c00000, 0x0000000085a00000, 0x00000000d5f00000)
  object space 63488K, 13% used [0x0000000081c00000,0x0000000082456ea8,0x0000000085a00000)
 Metaspace       used 20626K, capacity 21176K, committed 21248K, reserved 1067008K
  class space    used 2671K, capacity 2802K, committed 2816K, reserved 1048576K
}
Event: 2.911 GC heap before
{Heap before GC invocations=5 (full 1):
 PSYoungGen      total 38400K, used 33280K [0x00000000d5f00000, 0x00000000daa00000, 0x0000000100000000)
  eden space 33280K, 100% used [0x00000000d5f00000,0x00000000d7f80000,0x00000000d7f80000)
  from space 5120K, 0% used [0x00000000d7f80000,0x00000000d7f80000,0x00000000d8480000)
  to   space 5120K, 0% used [0x00000000da500000,0x00000000da500000,0x00000000daa00000)
 ParOldGen       total 63488K, used 8539K [0x0000000081c00000, 0x0000000085a00000, 0x00000000d5f00000)
  object space 63488K, 13% used [0x0000000081c00000,0x0000000082456ea8,0x0000000085a00000)
 Metaspace       used 23872K, capacity 24578K, committed 24832K, reserved 1071104K
  class space    used 3116K, capacity 3299K, committed 3328K, reserved 1048576K
Event: 2.919 GC heap after
Heap after GC invocations=5 (full 1):
 PSYoungGen      total 55296K, used 4100K [0x00000000d5f00000, 0x00000000da980000, 0x0000000100000000)
  eden space 50688K, 0% used [0x00000000d5f00000,0x00000000d5f00000,0x00000000d9080000)
  from space 4608K, 88% used [0x00000000da500000,0x00000000da9010b0,0x00000000da980000)
  to   space 5120K, 0% used [0x00000000d9f80000,0x00000000d9f80000,0x00000000da480000)
 ParOldGen       total 63488K, used 8547K [0x0000000081c00000, 0x0000000085a00000, 0x00000000d5f00000)
  object space 63488K, 13% used [0x0000000081c00000,0x0000000082458ea8,0x0000000085a00000)
 Metaspace       used 23872K, capacity 24578K, committed 24832K, reserved 1071104K
  class space    used 3116K, capacity 3299K, committed 3328K, reserved 1048576K
}

