# JRE version: Java(TM) SE Runtime Environment (8.0_171-b11) (build 1.8.0_171-b11)
# Java VM: Java HotSpot(TM) 64-Bit Server VM (25.171-b11 mixed mode windows-amd64 compressed oops)
Heap:
 PSYoungGen      total 127488K, used 64215K [0x00000000d5f00000, 0x00000000e3980000, 0x0000000100000000)
  eden space 114176K, 56% used [0x00000000d5f00000,0x00000000d9db5ed0,0x00000000dce80000)
  from space 13312K, 0% used [0x00000000dce80000,0x00000000dce80000,0x00000000ddb80000)
  to   space 15872K, 0% used [0x00000000e2a00000,0x00000000e2a00000,0x00000000e3980000)
 ParOldGen       total 50176K, used 20775K [0x0000000081c00000, 0x0000000084d00000, 0x00000000d5f00000)
  object space 50176K, 41% used [0x0000000081c00000,0x0000000083049e58,0x0000000084d00000)
 Metaspace       used 37289K, capacity 38592K, committed 38704K, reserved 1083392K
  class space    used 4853K, capacity 5102K, committed 5168K, reserved 1048576K
GC Heap History (10 events):
Event: 2.815 GC heap before
{Heap before GC invocations=5 (full 1):
 PSYoungGen      total 71680K, used 5115K [0x00000000d5f00000, 0x00000000daa00000, 0x0000000100000000)
  eden space 66560K, 0% used [0x00000000d5f00000,0x00000000d5f00000,0x00000000da000000)
  from space 5120K, 99% used [0x00000000da500000,0x00000000da9fef98,0x00000000daa00000)
  to   space 5120K, 0% used [0x00000000da000000,0x00000000da000000,0x00000000da500000)
 ParOldGen       total 87552K, used 5979K [0x0000000081c00000, 0x0000000087180000, 0x00000000d5f00000)
  object space 87552K, 6% used [0x0000000081c00000,0x00000000821d6ca0,0x0000000087180000)
 Metaspace       used 21011K, capacity 21536K, committed 21628K, reserved 1069056K
  class space    used 2724K, capacity 2862K, committed 2864K, reserved 1048576K
Event: 2.855 GC heap after
Heap after GC invocations=5 (full 1):
 PSYoungGen      total 71680K, used 0K [0x00000000d5f00000, 0x00000000daa00000, 0x0000000100000000)
  eden space 66560K, 0% used [0x00000000d5f00000,0x00000000d5f00000,0x00000000da000000)
  from space 5120K, 0% used [0x00000000da500000,0x00000000da500000,0x00000000daa00000)
  to   space 5120K, 0% used [0x00000000da000000,0x00000000da000000,0x00000000da500000)
 ParOldGen       total 50176K, used 5294K [0x0000000081c00000, 0x0000000084d00000, 0x00000000d5f00000)
  object space 50176K, 10% used [0x0000000081c00000,0x000000008212bb10,0x0000000084d00000)
 Metaspace       used 21011K, capacity 21536K, committed 21628K, reserved 1069056K
  class space    used 2724K, capacity 2862K, committed 2864K, reserved 1048576K
}
Event: 4.509 GC heap before
{Heap before GC invocations=6 (full 1):
 PSYoungGen      total 71680K, used 66560K [0x00000000d5f00000, 0x00000000daa00000, 0x0000000100000000)
  eden space 66560K, 100% used [0x00000000d5f00000,0x00000000da000000,0x00000000da000000)
  from space 5120K, 0% used [0x00000000da500000,0x00000000da500000,0x00000000daa00000)
  to   space 5120K, 0% used [0x00000000da000000,0x00000000da000000,0x00000000da500000)
 ParOldGen       total 50176K, used 5294K [0x0000000081c00000, 0x0000000084d00000, 0x00000000d5f00000)
  object space 50176K, 10% used [0x0000000081c00000,0x000000008212bb10,0x0000000084d00000)
 Metaspace       used 26981K, capacity 27816K, committed 28080K, reserved 1073152K
  class space    used 3518K, capacity 3728K, committed 3760K, reserved 1048576K
Event: 4.530 GC heap after
Heap after GC invocations=6 (full 1):
 PSYoungGen      total 71680K, used 5105K [0x00000000d5f00000, 0x00000000de800000, 0x0000000100000000)
  eden space 66560K, 0% used [0x00000000d5f00000,0x00000000d5f00000,0x00000000da000000)
  from space 5120K, 99% used [0x00000000da000000,0x00000000da4fc520,0x00000000da500000)
  to   space 11776K, 0% used [0x00000000ddc80000,0x00000000ddc80000,0x00000000de800000)
 ParOldGen       total 50176K, used 10916K [0x0000000081c00000, 0x0000000084d00000, 0x00000000d5f00000)
  object space 50176K, 21% used [0x0000000081c00000,0x00000000826a9390,0x0000000084d00000)
 Metaspace       used 26981K, capacity 27816K, committed 28080K, reserved 1073152K
  class space    used 3518K, capacity 3728K, committed 3760K, reserved 1048576K
}
Event: 6.032 GC heap before
{Heap before GC invocations=7 (full 1):
 PSYoungGen      total 71680K, used 71665K [0x00000000d5f00000, 0x00000000de800000, 0x0000000100000000)
  eden space 66560K, 100% used [0x00000000d5f00000,0x00000000da000000,0x00000000da000000)
  from space 5120K, 99% used [0x00000000da000000,0x00000000da4fc520,0x00000000da500000)
  to   space 11776K, 0% used [0x00000000ddc80000,0x00000000ddc80000,0x00000000de800000)
 ParOldGen       total 50176K, used 10916K [0x0000000081c00000, 0x0000000084d00000, 0x00000000d5f00000)
  object space 50176K, 21% used [0x0000000081c00000,0x00000000826a9390,0x0000000084d00000)
 Metaspace       used 30912K, capacity 32114K, committed 32176K, reserved 1077248K
  class space    used 3989K, capacity 4235K, committed 4272K, reserved 1048576K
Event: 6.044 GC heap after
Heap after GC invocations=7 (full 1):
 PSYoungGen      total 125952K, used 10898K [0x00000000d5f00000, 0x00000000de880000, 0x0000000100000000)
  eden space 114176K, 0% used [0x00000000d5f00000,0x00000000d5f00000,0x00000000dce80000)
  from space 11776K, 92% used [0x00000000ddc80000,0x00000000de724aa0,0x00000000de800000)
  to   space 13312K, 0% used [0x00000000dce80000,0x00000000dce80000,0x00000000ddb80000)
 ParOldGen       total 50176K, used 10924K [0x0000000081c00000, 0x0000000084d00000, 0x00000000d5f00000)
  object space 50176K, 21% used [0x0000000081c00000,0x00000000826ab390,0x0000000084d00000)
 Metaspace       used 30912K, capacity 32114K, committed 32176K, reserved 1077248K
  class space    used 3989K, capacity 4235K, committed 4272K, reserved 1048576K
}
Event: 7.741 GC heap before
{Heap before GC invocations=8 (full 1):
 PSYoungGen      total 125952K, used 69851K [0x00000000d5f00000, 0x00000000de880000, 0x0000000100000000)
  eden space 114176K, 51% used [0x00000000d5f00000,0x00000000d98924d8,0x00000000dce80000)
  from space 11776K, 92% used [0x00000000ddc80000,0x00000000de724aa0,0x00000000de800000)
  to   space 13312K, 0% used [0x00000000dce80000,0x00000000dce80000,0x00000000ddb80000)
 ParOldGen       total 50176K, used 10924K [0x0000000081c00000, 0x0000000084d00000, 0x00000000d5f00000)
  object space 50176K, 21% used [0x0000000081c00000,0x00000000826ab390,0x0000000084d00000)
 Metaspace       used 34768K, capacity 35930K, committed 36016K, reserved 1081344K
  class space    used 4490K, capacity 4727K, committed 4784K, reserved 1048576K
Event: 7.769 GC heap after
Heap after GC invocations=8 (full 1):
 PSYoungGen      total 127488K, used 13305K [0x00000000d5f00000, 0x00000000e3980000, 0x0000000100000000)
  eden space 114176K, 0% used [0x00000000d5f00000,0x00000000d5f00000,0x00000000dce80000)
  from space 13312K, 99% used [0x00000000dce80000,0x00000000ddb7e6f0,0x00000000ddb80000)
  to   space 15872K, 0% used [0x00000000e2a00000,0x00000000e2a00000,0x00000000e3980000)
 ParOldGen       total 50176K, used 12106K [0x0000000081c00000, 0x0000000084d00000, 0x00000000d5f00000)
  object space 50176K, 24% used [0x0000000081c00000,0x00000000827d29f0,0x0000000084d00000)
 Metaspace       used 34768K, capacity 35930K, committed 36016K, reserved 1081344K
  class space    used 4490K, capacity 4727K, committed 4784K, reserved 1048576K
}
Event: 7.769 GC heap before
{Heap before GC invocations=9 (full 2):
 PSYoungGen      total 127488K, used 13305K [0x00000000d5f00000, 0x00000000e3980000, 0x0000000100000000)
  eden space 114176K, 0% used [0x00000000d5f00000,0x00000000d5f00000,0x00000000dce80000)
  from space 13312K, 99% used [0x00000000dce80000,0x00000000ddb7e6f0,0x00000000ddb80000)
  to   space 15872K, 0% used [0x00000000e2a00000,0x00000000e2a00000,0x00000000e3980000)
 ParOldGen       total 50176K, used 12106K [0x0000000081c00000, 0x0000000084d00000, 0x00000000d5f00000)
  object space 50176K, 24% used [0x0000000081c00000,0x00000000827d29f0,0x0000000084d00000)
 Metaspace       used 34768K, capacity 35930K, committed 36016K, reserved 1081344K
  class space    used 4490K, capacity 4727K, committed 4784K, reserved 1048576K
Event: 7.849 GC heap after
Heap after GC invocations=9 (full 2):
 PSYoungGen      total 127488K, used 0K [0x00000000d5f00000, 0x00000000e3980000, 0x0000000100000000)
  eden space 114176K, 0% used [0x00000000d5f00000,0x00000000d5f00000,0x00000000dce80000)
  from space 13312K, 0% used [0x00000000dce80000,0x00000000dce80000,0x00000000ddb80000)
  to   space 15872K, 0% used [0x00000000e2a00000,0x00000000e2a00000,0x00000000e3980000)
 ParOldGen       total 50176K, used 20775K [0x0000000081c00000, 0x0000000084d00000, 0x00000000d5f00000)
  object space 50176K, 41% used [0x0000000081c00000,0x0000000083049e58,0x0000000084d00000)
 Metaspace       used 34768K, capacity 35930K, committed 36016K, reserved 1081344K
  class space    used 4490K, capacity 4727K, committed 4784K, reserved 1048576K
}

