# JRE version: Java(TM) SE Runtime Environment (8.0_171-b11) (build 1.8.0_171-b11)
# Java VM: Java HotSpot(TM) 64-Bit Server VM (25.171-b11 mixed mode windows-amd64 compressed oops)
Heap:
 PSYoungGen      total 71680K, used 28443K [0x00000000d5f00000, 0x00000000de980000, 0x0000000100000000)
  eden space 66560K, 35% used [0x00000000d5f00000,0x00000000d75c8678,0x00000000da000000)
  from space 5120K, 99% used [0x00000000da000000,0x00000000da4fe750,0x00000000da500000)
  to   space 11776K, 0% used [0x00000000dde00000,0x00000000dde00000,0x00000000de980000)
 ParOldGen       total 49664K, used 10999K [0x0000000081c00000, 0x0000000084c80000, 0x00000000d5f00000)
  object space 49664K, 22% used [0x0000000081c00000,0x00000000826bdfb0,0x0000000084c80000)
 Metaspace       used 28233K, capacity 29193K, committed 29360K, reserved 1075200K
  class space    used 3682K, capacity 3901K, committed 4016K, reserved 1048576K
GC Heap History (10 events):
Event: 1.842 GC heap before
{Heap before GC invocations=2 (full 0):
 PSYoungGen      total 38400K, used 38386K [0x00000000d5f00000, 0x00000000d8980000, 0x0000000100000000)
  eden space 33280K, 100% used [0x00000000d5f00000,0x00000000d7f80000,0x00000000d7f80000)
  from space 5120K, 99% used [0x00000000d7f80000,0x00000000d847cae0,0x00000000d8480000)
  to   space 5120K, 0% used [0x00000000d8480000,0x00000000d8480000,0x00000000d8980000)
 ParOldGen       total 87552K, used 302K [0x0000000081c00000, 0x0000000087180000, 0x00000000d5f00000)
  object space 87552K, 0% used [0x0000000081c00000,0x0000000081c4b8d0,0x0000000087180000)
 Metaspace       used 16093K, capacity 16560K, committed 16640K, reserved 1062912K
  class space    used 2141K, capacity 2278K, committed 2304K, reserved 1048576K
Event: 1.852 GC heap after
Heap after GC invocations=2 (full 0):
 PSYoungGen      total 38400K, used 5113K [0x00000000d5f00000, 0x00000000daa00000, 0x0000000100000000)
  eden space 33280K, 0% used [0x00000000d5f00000,0x00000000d5f00000,0x00000000d7f80000)
  from space 5120K, 99% used [0x00000000d8480000,0x00000000d897e508,0x00000000d8980000)
  to   space 5120K, 0% used [0x00000000d7f80000,0x00000000d7f80000,0x00000000d8480000)
 ParOldGen       total 87552K, used 2175K [0x0000000081c00000, 0x0000000087180000, 0x00000000d5f00000)
  object space 87552K, 2% used [0x0000000081c00000,0x0000000081e1ffb0,0x0000000087180000)
 Metaspace       used 16093K, capacity 16560K, committed 16640K, reserved 1062912K
  class space    used 2141K, capacity 2278K, committed 2304K, reserved 1048576K
}
Event: 2.243 GC heap before
{Heap before GC invocations=3 (full 0):
 PSYoungGen      total 38400K, used 36387K [0x00000000d5f00000, 0x00000000daa00000, 0x0000000100000000)
  eden space 33280K, 93% used [0x00000000d5f00000,0x00000000d7d8aa48,0x00000000d7f80000)
  from space 5120K, 99% used [0x00000000d8480000,0x00000000d897e508,0x00000000d8980000)
  to   space 5120K, 0% used [0x00000000d7f80000,0x00000000d7f80000,0x00000000d8480000)
 ParOldGen       total 87552K, used 2175K [0x0000000081c00000, 0x0000000087180000, 0x00000000d5f00000)
  object space 87552K, 2% used [0x0000000081c00000,0x0000000081e1ffb0,0x0000000087180000)
 Metaspace       used 20682K, capacity 21248K, committed 21552K, reserved 1069056K
  class space    used 2682K, capacity 2830K, committed 2864K, reserved 1048576K
Event: 2.254 GC heap after
Heap after GC invocations=3 (full 0):
 PSYoungGen      total 38400K, used 5110K [0x00000000d5f00000, 0x00000000daa00000, 0x0000000100000000)
  eden space 33280K, 0% used [0x00000000d5f00000,0x00000000d5f00000,0x00000000d7f80000)
  from space 5120K, 99% used [0x00000000d7f80000,0x00000000d847d950,0x00000000d8480000)
  to   space 5120K, 0% used [0x00000000da500000,0x00000000da500000,0x00000000daa00000)
 ParOldGen       total 87552K, used 5810K [0x0000000081c00000, 0x0000000087180000, 0x00000000d5f00000)
  object space 87552K, 6% used [0x0000000081c00000,0x00000000821acac0,0x0000000087180000)
 Metaspace       used 20682K, capacity 21248K, committed 21552K, reserved 1069056K
  class space    used 2682K, capacity 2830K, committed 2864K, reserved 1048576K
}
Event: 2.295 GC heap before
{Heap before GC invocations=4 (full 0):
 PSYoungGen      total 38400K, used 7816K [0x00000000d5f00000, 0x00000000daa00000, 0x0000000100000000)
  eden space 33280K, 8% used [0x00000000d5f00000,0x00000000d61a4730,0x00000000d7f80000)
  from space 5120K, 99% used [0x00000000d7f80000,0x00000000d847d950,0x00000000d8480000)
  to   space 5120K, 0% used [0x00000000da500000,0x00000000da500000,0x00000000daa00000)
 ParOldGen       total 87552K, used 5810K [0x0000000081c00000, 0x0000000087180000, 0x00000000d5f00000)
  object space 87552K, 6% used [0x0000000081c00000,0x00000000821acac0,0x0000000087180000)
 Metaspace       used 20954K, capacity 21549K, committed 21628K, reserved 1069056K
  class space    used 2715K, capacity 2864K, committed 2864K, reserved 1048576K
Event: 2.306 GC heap after
Heap after GC invocations=4 (full 0):
 PSYoungGen      total 71680K, used 5099K [0x00000000d5f00000, 0x00000000daa00000, 0x0000000100000000)
  eden space 66560K, 0% used [0x00000000d5f00000,0x00000000d5f00000,0x00000000da000000)
  from space 5120K, 99% used [0x00000000da500000,0x00000000da9faf88,0x00000000daa00000)
  to   space 5120K, 0% used [0x00000000da000000,0x00000000da000000,0x00000000da500000)
 ParOldGen       total 87552K, used 6189K [0x0000000081c00000, 0x0000000087180000, 0x00000000d5f00000)
  object space 87552K, 7% used [0x0000000081c00000,0x000000008220b4b8,0x0000000087180000)
 Metaspace       used 20954K, capacity 21549K, committed 21628K, reserved 1069056K
  class space    used 2715K, capacity 2864K, committed 2864K, reserved 1048576K
}
Event: 2.306 GC heap before
{Heap before GC invocations=5 (full 1):
 PSYoungGen      total 71680K, used 5099K [0x00000000d5f00000, 0x00000000daa00000, 0x0000000100000000)
  eden space 66560K, 0% used [0x00000000d5f00000,0x00000000d5f00000,0x00000000da000000)
  from space 5120K, 99% used [0x00000000da500000,0x00000000da9faf88,0x00000000daa00000)
  to   space 5120K, 0% used [0x00000000da000000,0x00000000da000000,0x00000000da500000)
 ParOldGen       total 87552K, used 6189K [0x0000000081c00000, 0x0000000087180000, 0x00000000d5f00000)
  object space 87552K, 7% used [0x0000000081c00000,0x000000008220b4b8,0x0000000087180000)
 Metaspace       used 20954K, capacity 21549K, committed 21628K, reserved 1069056K
  class space    used 2715K, capacity 2864K, committed 2864K, reserved 1048576K
Event: 2.339 GC heap after
Heap after GC invocations=5 (full 1):
 PSYoungGen      total 71680K, used 0K [0x00000000d5f00000, 0x00000000daa00000, 0x0000000100000000)
  eden space 66560K, 0% used [0x00000000d5f00000,0x00000000d5f00000,0x00000000da000000)
  from space 5120K, 0% used [0x00000000da500000,0x00000000da500000,0x00000000daa00000)
  to   space 5120K, 0% used [0x00000000da000000,0x00000000da000000,0x00000000da500000)
 ParOldGen       total 49664K, used 5414K [0x0000000081c00000, 0x0000000084c80000, 0x00000000d5f00000)
  object space 49664K, 10% used [0x0000000081c00000,0x0000000082149ae0,0x0000000084c80000)
 Metaspace       used 20954K, capacity 21549K, committed 21628K, reserved 1069056K
  class space    used 2715K, capacity 2864K, committed 2864K, reserved 1048576K
}
Event: 3.502 GC heap before
{Heap before GC invocations=6 (full 1):
 PSYoungGen      total 71680K, used 66560K [0x00000000d5f00000, 0x00000000daa00000, 0x0000000100000000)
  eden space 66560K, 100% used [0x00000000d5f00000,0x00000000da000000,0x00000000da000000)
  from space 5120K, 0% used [0x00000000da500000,0x00000000da500000,0x00000000daa00000)
  to   space 5120K, 0% used [0x00000000da000000,0x00000000da000000,0x00000000da500000)
 ParOldGen       total 49664K, used 5414K [0x0000000081c00000, 0x0000000084c80000, 0x00000000d5f00000)
  object space 49664K, 10% used [0x0000000081c00000,0x0000000082149ae0,0x0000000084c80000)
 Metaspace       used 26924K, capacity 27689K, committed 27824K, reserved 1073152K
  class space    used 3515K, capacity 3729K, committed 3760K, reserved 1048576K
Event: 3.516 GC heap after
Heap after GC invocations=6 (full 1):
 PSYoungGen      total 71680K, used 5113K [0x00000000d5f00000, 0x00000000de980000, 0x0000000100000000)
  eden space 66560K, 0% used [0x00000000d5f00000,0x00000000d5f00000,0x00000000da000000)
  from space 5120K, 99% used [0x00000000da000000,0x00000000da4fe750,0x00000000da500000)
  to   space 11776K, 0% used [0x00000000dde00000,0x00000000dde00000,0x00000000de980000)
 ParOldGen       total 49664K, used 10999K [0x0000000081c00000, 0x0000000084c80000, 0x00000000d5f00000)
  object space 49664K, 22% used [0x0000000081c00000,0x00000000826bdfb0,0x0000000084c80000)
 Metaspace       used 26924K, capacity 27689K, committed 27824K, reserved 1073152K
  class space    used 3515K, capacity 3729K, committed 3760K, reserved 1048576K
}

