# JRE version: Java(TM) SE Runtime Environment (8.0_171-b11) (build 1.8.0_171-b11)
# Java VM: Java HotSpot(TM) 64-Bit Server VM (25.171-b11 mixed mode windows-amd64 compressed oops)
Heap:
 PSYoungGen      total 81920K, used 30636K [0x00000000d5f00000, 0x00000000dd500000, 0x0000000100000000)
  eden space 70656K, 27% used [0x00000000d5f00000,0x00000000d720a3d0,0x00000000da400000)
  from space 11264K, 98% used [0x00000000db080000,0x00000000dbb60da0,0x00000000dbb80000)
  to   space 12800K, 0% used [0x00000000da400000,0x00000000da400000,0x00000000db080000)
 ParOldGen       total 62976K, used 12668K [0x0000000081c00000, 0x0000000085980000, 0x00000000d5f00000)
  object space 62976K, 20% used [0x0000000081c00000,0x000000008285f2f0,0x0000000085980000)
 Metaspace       used 32100K, capacity 33354K, committed 33712K, reserved 1079296K
  class space    used 4169K, capacity 4415K, committed 4528K, reserved 1048576K
GC Heap History (10 events):
Event: 2.073 GC heap before
{Heap before GC invocations=3 (full 0):
 PSYoungGen      total 38400K, used 34147K [0x00000000d5f00000, 0x00000000d8980000, 0x0000000100000000)
  eden space 33280K, 87% used [0x00000000d5f00000,0x00000000d7b5b9b8,0x00000000d7f80000)
  from space 5120K, 99% used [0x00000000d8480000,0x00000000d897d480,0x00000000d8980000)
  to   space 5120K, 0% used [0x00000000d7f80000,0x00000000d7f80000,0x00000000d8480000)
 ParOldGen       total 87552K, used 2364K [0x0000000081c00000, 0x0000000087180000, 0x00000000d5f00000)
  object space 87552K, 2% used [0x0000000081c00000,0x0000000081e4f038,0x0000000087180000)
 Metaspace       used 20637K, capacity 21178K, committed 21296K, reserved 1067008K
  class space    used 2677K, capacity 2829K, committed 2864K, reserved 1048576K
Event: 2.085 GC heap after
Heap after GC invocations=3 (full 0):
 PSYoungGen      total 38400K, used 5104K [0x00000000d5f00000, 0x00000000daa00000, 0x0000000100000000)
  eden space 33280K, 0% used [0x00000000d5f00000,0x00000000d5f00000,0x00000000d7f80000)
  from space 5120K, 99% used [0x00000000d7f80000,0x00000000d847c320,0x00000000d8480000)
  to   space 5120K, 0% used [0x00000000da500000,0x00000000da500000,0x00000000daa00000)
 ParOldGen       total 87552K, used 5743K [0x0000000081c00000, 0x0000000087180000, 0x00000000d5f00000)
  object space 87552K, 6% used [0x0000000081c00000,0x000000008219bdf0,0x0000000087180000)
 Metaspace       used 20637K, capacity 21178K, committed 21296K, reserved 1067008K
  class space    used 2677K, capacity 2829K, committed 2864K, reserved 1048576K
}
Event: 2.085 GC heap before
{Heap before GC invocations=4 (full 1):
 PSYoungGen      total 38400K, used 5104K [0x00000000d5f00000, 0x00000000daa00000, 0x0000000100000000)
  eden space 33280K, 0% used [0x00000000d5f00000,0x00000000d5f00000,0x00000000d7f80000)
  from space 5120K, 99% used [0x00000000d7f80000,0x00000000d847c320,0x00000000d8480000)
  to   space 5120K, 0% used [0x00000000da500000,0x00000000da500000,0x00000000daa00000)
 ParOldGen       total 87552K, used 5743K [0x0000000081c00000, 0x0000000087180000, 0x00000000d5f00000)
  object space 87552K, 6% used [0x0000000081c00000,0x000000008219bdf0,0x0000000087180000)
 Metaspace       used 20637K, capacity 21178K, committed 21296K, reserved 1067008K
  class space    used 2677K, capacity 2829K, committed 2864K, reserved 1048576K
Event: 2.124 GC heap after
Heap after GC invocations=4 (full 1):
 PSYoungGen      total 38400K, used 0K [0x00000000d5f00000, 0x00000000daa00000, 0x0000000100000000)
  eden space 33280K, 0% used [0x00000000d5f00000,0x00000000d5f00000,0x00000000d7f80000)
  from space 5120K, 0% used [0x00000000d7f80000,0x00000000d7f80000,0x00000000d8480000)
  to   space 5120K, 0% used [0x00000000da500000,0x00000000da500000,0x00000000daa00000)
 ParOldGen       total 62976K, used 8302K [0x0000000081c00000, 0x0000000085980000, 0x00000000d5f00000)
  object space 62976K, 13% used [0x0000000081c00000,0x000000008241b888,0x0000000085980000)
 Metaspace       used 20637K, capacity 21178K, committed 21296K, reserved 1067008K
  class space    used 2677K, capacity 2829K, committed 2864K, reserved 1048576K
}
Event: 2.510 GC heap before
{Heap before GC invocations=5 (full 1):
 PSYoungGen      total 38400K, used 33280K [0x00000000d5f00000, 0x00000000daa00000, 0x0000000100000000)
  eden space 33280K, 100% used [0x00000000d5f00000,0x00000000d7f80000,0x00000000d7f80000)
  from space 5120K, 0% used [0x00000000d7f80000,0x00000000d7f80000,0x00000000d8480000)
  to   space 5120K, 0% used [0x00000000da500000,0x00000000da500000,0x00000000daa00000)
 ParOldGen       total 62976K, used 8302K [0x0000000081c00000, 0x0000000085980000, 0x00000000d5f00000)
  object space 62976K, 13% used [0x0000000081c00000,0x000000008241b888,0x0000000085980000)
 Metaspace       used 23917K, capacity 24602K, committed 24880K, reserved 1071104K
  class space    used 3119K, capacity 3305K, committed 3376K, reserved 1048576K
Event: 2.515 GC heap after
Heap after GC invocations=5 (full 1):
 PSYoungGen      total 53760K, used 4216K [0x00000000d5f00000, 0x00000000da980000, 0x0000000100000000)
  eden space 49152K, 0% used [0x00000000d5f00000,0x00000000d5f00000,0x00000000d8f00000)
  from space 4608K, 91% used [0x00000000da500000,0x00000000da91e298,0x00000000da980000)
  to   space 5120K, 0% used [0x00000000d9f80000,0x00000000d9f80000,0x00000000da480000)
 ParOldGen       total 62976K, used 8374K [0x0000000081c00000, 0x0000000085980000, 0x00000000d5f00000)
  object space 62976K, 13% used [0x0000000081c00000,0x000000008242d898,0x0000000085980000)
 Metaspace       used 23917K, capacity 24602K, committed 24880K, reserved 1071104K
  class space    used 3119K, capacity 3305K, committed 3376K, reserved 1048576K
}
Event: 3.500 GC heap before
{Heap before GC invocations=6 (full 1):
 PSYoungGen      total 53760K, used 53362K [0x00000000d5f00000, 0x00000000da980000, 0x0000000100000000)
  eden space 49152K, 99% used [0x00000000d5f00000,0x00000000d8efe608,0x00000000d8f00000)
  from space 4608K, 91% used [0x00000000da500000,0x00000000da91e298,0x00000000da980000)
  to   space 5120K, 0% used [0x00000000d9f80000,0x00000000d9f80000,0x00000000da480000)
 ParOldGen       total 62976K, used 8374K [0x0000000081c00000, 0x0000000085980000, 0x00000000d5f00000)
  object space 62976K, 13% used [0x0000000081c00000,0x000000008242d898,0x0000000085980000)
 Metaspace       used 27594K, capacity 28484K, committed 28720K, reserved 1075200K
  class space    used 3606K, capacity 3810K, committed 3888K, reserved 1048576K
Event: 3.516 GC heap after
Heap after GC invocations=6 (full 1):
 PSYoungGen      total 71168K, used 5104K [0x00000000d5f00000, 0x00000000dbb80000, 0x0000000100000000)
  eden space 66048K, 0% used [0x00000000d5f00000,0x00000000d5f00000,0x00000000d9f80000)
  from space 5120K, 99% used [0x00000000d9f80000,0x00000000da47c2f0,0x00000000da480000)
  to   space 11264K, 0% used [0x00000000db080000,0x00000000db080000,0x00000000dbb80000)
 ParOldGen       total 62976K, used 12660K [0x0000000081c00000, 0x0000000085980000, 0x00000000d5f00000)
  object space 62976K, 20% used [0x0000000081c00000,0x000000008285d2f0,0x0000000085980000)
 Metaspace       used 27594K, capacity 28484K, committed 28720K, reserved 1075200K
  class space    used 3606K, capacity 3810K, committed 3888K, reserved 1048576K
}
Event: 4.769 GC heap before
{Heap before GC invocations=7 (full 1):
 PSYoungGen      total 71168K, used 71152K [0x00000000d5f00000, 0x00000000dbb80000, 0x0000000100000000)
  eden space 66048K, 100% used [0x00000000d5f00000,0x00000000d9f80000,0x00000000d9f80000)
  from space 5120K, 99% used [0x00000000d9f80000,0x00000000da47c2f0,0x00000000da480000)
  to   space 11264K, 0% used [0x00000000db080000,0x00000000db080000,0x00000000dbb80000)
 ParOldGen       total 62976K, used 12660K [0x0000000081c00000, 0x0000000085980000, 0x00000000d5f00000)
  object space 62976K, 20% used [0x0000000081c00000,0x000000008285d2f0,0x0000000085980000)
 Metaspace       used 31519K, capacity 32770K, committed 33072K, reserved 1077248K
  class space    used 4090K, capacity 4339K, committed 4400K, reserved 1048576K
Event: 4.782 GC heap after
Heap after GC invocations=7 (full 1):
 PSYoungGen      total 81920K, used 11139K [0x00000000d5f00000, 0x00000000dd500000, 0x0000000100000000)
  eden space 70656K, 0% used [0x00000000d5f00000,0x00000000d5f00000,0x00000000da400000)
  from space 11264K, 98% used [0x00000000db080000,0x00000000dbb60da0,0x00000000dbb80000)
  to   space 12800K, 0% used [0x00000000da400000,0x00000000da400000,0x00000000db080000)
 ParOldGen       total 62976K, used 12668K [0x0000000081c00000, 0x0000000085980000, 0x00000000d5f00000)
  object space 62976K, 20% used [0x0000000081c00000,0x000000008285f2f0,0x0000000085980000)
 Metaspace       used 31519K, capacity 32770K, committed 33072K, reserved 1077248K
  class space    used 4090K, capacity 4339K, committed 4400K, reserved 1048576K
}

