# JRE version: Java(TM) SE Runtime Environment (8.0_171-b11) (build 1.8.0_171-b11)
# Java VM: Java HotSpot(TM) 64-Bit Server VM (25.171-b11 mixed mode windows-amd64 compressed oops)
Heap:
 PSYoungGen      total 103936K, used 91364K [0x00000000d5f00000, 0x00000000dd480000, 0x0000000100000000)
  eden space 91648K, 92% used [0x00000000d5f00000,0x00000000db21ef78,0x00000000db880000)
  from space 12288K, 50% used [0x00000000dc880000,0x00000000dce9a318,0x00000000dd480000)
  to   space 14336K, 0% used [0x00000000db880000,0x00000000db880000,0x00000000dc680000)
 ParOldGen       total 109056K, used 19369K [0x0000000081c00000, 0x0000000088680000, 0x00000000d5f00000)
  object space 109056K, 17% used [0x0000000081c00000,0x0000000082eea4f8,0x0000000088680000)
 Metaspace       used 41178K, capacity 42792K, committed 43056K, reserved 1087488K
  class space    used 5328K, capacity 5614K, committed 5680K, reserved 1048576K
GC Heap History (10 events):
Event: 3.769 GC heap before
{Heap before GC invocations=6 (full 1):
 PSYoungGen      total 52736K, used 52470K [0x00000000d5f00000, 0x00000000da980000, 0x0000000100000000)
  eden space 48128K, 100% used [0x00000000d5f00000,0x00000000d8e00000,0x00000000d8e00000)
  from space 4608K, 94% used [0x00000000da500000,0x00000000da93d818,0x00000000da980000)
  to   space 5120K, 0% used [0x00000000d9f80000,0x00000000d9f80000,0x00000000da480000)
 ParOldGen       total 64512K, used 8536K [0x0000000081c00000, 0x0000000085b00000, 0x00000000d5f00000)
  object space 64512K, 13% used [0x0000000081c00000,0x00000000824560f0,0x0000000085b00000)
 Metaspace       used 27523K, capacity 28330K, committed 28464K, reserved 1073152K
  class space    used 3588K, capacity 3779K, committed 3888K, reserved 1048576K
Event: 3.779 GC heap after
Heap after GC invocations=6 (full 1):
 PSYoungGen      total 71168K, used 5095K [0x00000000d5f00000, 0x00000000db800000, 0x0000000100000000)
  eden space 66048K, 0% used [0x00000000d5f00000,0x00000000d5f00000,0x00000000d9f80000)
  from space 5120K, 99% used [0x00000000d9f80000,0x00000000da479ee0,0x00000000da480000)
  to   space 11264K, 0% used [0x00000000dad00000,0x00000000dad00000,0x00000000db800000)
 ParOldGen       total 64512K, used 12651K [0x0000000081c00000, 0x0000000085b00000, 0x00000000d5f00000)
  object space 64512K, 19% used [0x0000000081c00000,0x000000008285ad80,0x0000000085b00000)
 Metaspace       used 27523K, capacity 28330K, committed 28464K, reserved 1073152K
  class space    used 3588K, capacity 3779K, committed 3888K, reserved 1048576K
}
Event: 5.549 GC heap before
{Heap before GC invocations=7 (full 1):
 PSYoungGen      total 71168K, used 71143K [0x00000000d5f00000, 0x00000000db800000, 0x0000000100000000)
  eden space 66048K, 100% used [0x00000000d5f00000,0x00000000d9f80000,0x00000000d9f80000)
  from space 5120K, 99% used [0x00000000d9f80000,0x00000000da479ee0,0x00000000da480000)
  to   space 11264K, 0% used [0x00000000dad00000,0x00000000dad00000,0x00000000db800000)
 ParOldGen       total 64512K, used 12651K [0x0000000081c00000, 0x0000000085b00000, 0x00000000d5f00000)
  object space 64512K, 19% used [0x0000000081c00000,0x000000008285ad80,0x0000000085b00000)
 Metaspace       used 31206K, capacity 32356K, committed 32432K, reserved 1077248K
  class space    used 4033K, capacity 4268K, committed 4272K, reserved 1048576K
Event: 5.561 GC heap after
Heap after GC invocations=7 (full 1):
 PSYoungGen      total 78336K, used 10695K [0x00000000d5f00000, 0x00000000dd200000, 0x0000000100000000)
  eden space 67072K, 0% used [0x00000000d5f00000,0x00000000d5f00000,0x00000000da080000)
  from space 11264K, 94% used [0x00000000dad00000,0x00000000db771cf8,0x00000000db800000)
  to   space 12800K, 0% used [0x00000000da080000,0x00000000da080000,0x00000000dad00000)
 ParOldGen       total 64512K, used 12723K [0x0000000081c00000, 0x0000000085b00000, 0x00000000d5f00000)
  object space 64512K, 19% used [0x0000000081c00000,0x000000008286cd90,0x0000000085b00000)
 Metaspace       used 31206K, capacity 32356K, committed 32432K, reserved 1077248K
  class space    used 4033K, capacity 4268K, committed 4272K, reserved 1048576K
}
Event: 6.822 GC heap before
{Heap before GC invocations=8 (full 1):
 PSYoungGen      total 78336K, used 50559K [0x00000000d5f00000, 0x00000000dd200000, 0x0000000100000000)
  eden space 67072K, 59% used [0x00000000d5f00000,0x00000000d85ee168,0x00000000da080000)
  from space 11264K, 94% used [0x00000000dad00000,0x00000000db771cf8,0x00000000db800000)
  to   space 12800K, 0% used [0x00000000da080000,0x00000000da080000,0x00000000dad00000)
 ParOldGen       total 64512K, used 12723K [0x0000000081c00000, 0x0000000085b00000, 0x00000000d5f00000)
  object space 64512K, 19% used [0x0000000081c00000,0x000000008286cd90,0x0000000085b00000)
 Metaspace       used 34163K, capacity 35334K, committed 35496K, reserved 1081344K
  class space    used 4408K, capacity 4631K, committed 4656K, reserved 1048576K
Event: 6.835 GC heap after
Heap after GC invocations=8 (full 1):
 PSYoungGen      total 79872K, used 12781K [0x00000000d5f00000, 0x00000000dd700000, 0x0000000100000000)
  eden space 67072K, 0% used [0x00000000d5f00000,0x00000000d5f00000,0x00000000da080000)
  from space 12800K, 99% used [0x00000000da080000,0x00000000dacfb530,0x00000000dad00000)
  to   space 14848K, 0% used [0x00000000dc880000,0x00000000dc880000,0x00000000dd700000)
 ParOldGen       total 64512K, used 13043K [0x0000000081c00000, 0x0000000085b00000, 0x00000000d5f00000)
  object space 64512K, 20% used [0x0000000081c00000,0x00000000828bce98,0x0000000085b00000)
 Metaspace       used 34163K, capacity 35334K, committed 35496K, reserved 1081344K
  class space    used 4408K, capacity 4631K, committed 4656K, reserved 1048576K
}
Event: 6.835 GC heap before
{Heap before GC invocations=9 (full 2):
 PSYoungGen      total 79872K, used 12781K [0x00000000d5f00000, 0x00000000dd700000, 0x0000000100000000)
  eden space 67072K, 0% used [0x00000000d5f00000,0x00000000d5f00000,0x00000000da080000)
  from space 12800K, 99% used [0x00000000da080000,0x00000000dacfb530,0x00000000dad00000)
  to   space 14848K, 0% used [0x00000000dc880000,0x00000000dc880000,0x00000000dd700000)
 ParOldGen       total 64512K, used 13043K [0x0000000081c00000, 0x0000000085b00000, 0x00000000d5f00000)
  object space 64512K, 20% used [0x0000000081c00000,0x00000000828bce98,0x0000000085b00000)
 Metaspace       used 34163K, capacity 35334K, committed 35496K, reserved 1081344K
  class space    used 4408K, capacity 4631K, committed 4656K, reserved 1048576K
Event: 6.923 GC heap after
Heap after GC invocations=9 (full 2):
 PSYoungGen      total 79872K, used 0K [0x00000000d5f00000, 0x00000000dd700000, 0x0000000100000000)
  eden space 67072K, 0% used [0x00000000d5f00000,0x00000000d5f00000,0x00000000da080000)
  from space 12800K, 0% used [0x00000000da080000,0x00000000da080000,0x00000000dad00000)
  to   space 14848K, 0% used [0x00000000dc880000,0x00000000dc880000,0x00000000dd700000)
 ParOldGen       total 109056K, used 19369K [0x0000000081c00000, 0x0000000088680000, 0x00000000d5f00000)
  object space 109056K, 17% used [0x0000000081c00000,0x0000000082eea4f8,0x0000000088680000)
 Metaspace       used 34163K, capacity 35334K, committed 35496K, reserved 1081344K
  class space    used 4408K, capacity 4631K, committed 4656K, reserved 1048576K
}
Event: 7.854 GC heap before
{Heap before GC invocations=10 (full 2):
 PSYoungGen      total 79872K, used 67072K [0x00000000d5f00000, 0x00000000dd700000, 0x0000000100000000)
  eden space 67072K, 100% used [0x00000000d5f00000,0x00000000da080000,0x00000000da080000)
  from space 12800K, 0% used [0x00000000da080000,0x00000000da080000,0x00000000dad00000)
  to   space 14848K, 0% used [0x00000000dc880000,0x00000000dc880000,0x00000000dd700000)
 ParOldGen       total 109056K, used 19369K [0x0000000081c00000, 0x0000000088680000, 0x00000000d5f00000)
  object space 109056K, 17% used [0x0000000081c00000,0x0000000082eea4f8,0x0000000088680000)
 Metaspace       used 37164K, capacity 38498K, committed 38704K, reserved 1083392K
  class space    used 4837K, capacity 5111K, committed 5168K, reserved 1048576K
Event: 7.864 GC heap after
Heap after GC invocations=10 (full 2):
 PSYoungGen      total 103936K, used 6248K [0x00000000d5f00000, 0x00000000dd480000, 0x0000000100000000)
  eden space 91648K, 0% used [0x00000000d5f00000,0x00000000d5f00000,0x00000000db880000)
  from space 12288K, 50% used [0x00000000dc880000,0x00000000dce9a318,0x00000000dd480000)
  to   space 14336K, 0% used [0x00000000db880000,0x00000000db880000,0x00000000dc680000)
 ParOldGen       total 109056K, used 19369K [0x0000000081c00000, 0x0000000088680000, 0x00000000d5f00000)
  object space 109056K, 17% used [0x0000000081c00000,0x0000000082eea4f8,0x0000000088680000)
 Metaspace       used 37164K, capacity 38498K, committed 38704K, reserved 1083392K
  class space    used 4837K, capacity 5111K, committed 5168K, reserved 1048576K
}

