# JRE version: Java(TM) SE Runtime Environment (8.0_171-b11) (build 1.8.0_171-b11)
# Java VM: Java HotSpot(TM) 64-Bit Server VM (25.171-b11 mixed mode windows-amd64 compressed oops)
Heap:
 PSYoungGen      total 57856K, used 42810K [0x00000000d5f00000, 0x00000000da980000, 0x0000000100000000)
  eden space 53248K, 72% used [0x00000000d5f00000,0x00000000d84810c0,0x00000000d9300000)
  from space 4608K, 95% used [0x00000000da500000,0x00000000da94d888,0x00000000da980000)
  to   space 5120K, 0% used [0x00000000d9f80000,0x00000000d9f80000,0x00000000da480000)
 ParOldGen       total 58880K, used 8225K [0x0000000081c00000, 0x0000000085580000, 0x00000000d5f00000)
  object space 58880K, 13% used [0x0000000081c00000,0x00000000824087e0,0x0000000085580000)
 Metaspace       used 27459K, capacity 28330K, committed 28416K, reserved 1073152K
  class space    used 3588K, capacity 3815K, committed 3840K, reserved 1048576K
GC Heap History (10 events):
Event: 2.165 GC heap before
{Heap before GC invocations=1 (full 0):
 PSYoungGen      total 38400K, used 33280K [0x00000000d5f00000, 0x00000000d8980000, 0x0000000100000000)
  eden space 33280K, 100% used [0x00000000d5f00000,0x00000000d7f80000,0x00000000d7f80000)
  from space 5120K, 0% used [0x00000000d8480000,0x00000000d8480000,0x00000000d8980000)
  to   space 5120K, 0% used [0x00000000d7f80000,0x00000000d7f80000,0x00000000d8480000)
 ParOldGen       total 87552K, used 0K [0x0000000081c00000, 0x0000000087180000, 0x00000000d5f00000)
  object space 87552K, 0% used [0x0000000081c00000,0x0000000081c00000,0x0000000087180000)
 Metaspace       used 12547K, capacity 12914K, committed 12928K, reserved 1060864K
  class space    used 1564K, capacity 1653K, committed 1664K, reserved 1048576K
Event: 2.174 GC heap after
Heap after GC invocations=1 (full 0):
 PSYoungGen      total 38400K, used 5111K [0x00000000d5f00000, 0x00000000d8980000, 0x0000000100000000)
  eden space 33280K, 0% used [0x00000000d5f00000,0x00000000d5f00000,0x00000000d7f80000)
  from space 5120K, 99% used [0x00000000d7f80000,0x00000000d847dd50,0x00000000d8480000)
  to   space 5120K, 0% used [0x00000000d8480000,0x00000000d8480000,0x00000000d8980000)
 ParOldGen       total 87552K, used 301K [0x0000000081c00000, 0x0000000087180000, 0x00000000d5f00000)
  object space 87552K, 0% used [0x0000000081c00000,0x0000000081c4b708,0x0000000087180000)
 Metaspace       used 12547K, capacity 12914K, committed 12928K, reserved 1060864K
  class space    used 1564K, capacity 1653K, committed 1664K, reserved 1048576K
}
Event: 3.012 GC heap before
{Heap before GC invocations=2 (full 0):
 PSYoungGen      total 38400K, used 38391K [0x00000000d5f00000, 0x00000000d8980000, 0x0000000100000000)
  eden space 33280K, 100% used [0x00000000d5f00000,0x00000000d7f80000,0x00000000d7f80000)
  from space 5120K, 99% used [0x00000000d7f80000,0x00000000d847dd50,0x00000000d8480000)
  to   space 5120K, 0% used [0x00000000d8480000,0x00000000d8480000,0x00000000d8980000)
 ParOldGen       total 87552K, used 301K [0x0000000081c00000, 0x0000000087180000, 0x00000000d5f00000)
  object space 87552K, 0% used [0x0000000081c00000,0x0000000081c4b708,0x0000000087180000)
 Metaspace       used 16836K, capacity 17430K, committed 17536K, reserved 1064960K
  class space    used 2244K, capacity 2399K, committed 2432K, reserved 1048576K
Event: 3.038 GC heap after
Heap after GC invocations=2 (full 0):
 PSYoungGen      total 38400K, used 5098K [0x00000000d5f00000, 0x00000000daa00000, 0x0000000100000000)
  eden space 33280K, 0% used [0x00000000d5f00000,0x00000000d5f00000,0x00000000d7f80000)
  from space 5120K, 99% used [0x00000000d8480000,0x00000000d897aa30,0x00000000d8980000)
  to   space 5120K, 0% used [0x00000000d7f80000,0x00000000d7f80000,0x00000000d8480000)
 ParOldGen       total 87552K, used 2723K [0x0000000081c00000, 0x0000000087180000, 0x00000000d5f00000)
  object space 87552K, 3% used [0x0000000081c00000,0x0000000081ea8f50,0x0000000087180000)
 Metaspace       used 16836K, capacity 17430K, committed 17536K, reserved 1064960K
  class space    used 2244K, capacity 2399K, committed 2432K, reserved 1048576K
}
Event: 3.523 GC heap before
{Heap before GC invocations=3 (full 0):
 PSYoungGen      total 38400K, used 29521K [0x00000000d5f00000, 0x00000000daa00000, 0x0000000100000000)
  eden space 33280K, 73% used [0x00000000d5f00000,0x00000000d76d9c10,0x00000000d7f80000)
  from space 5120K, 99% used [0x00000000d8480000,0x00000000d897aa30,0x00000000d8980000)
  to   space 5120K, 0% used [0x00000000d7f80000,0x00000000d7f80000,0x00000000d8480000)
 ParOldGen       total 87552K, used 2723K [0x0000000081c00000, 0x0000000087180000, 0x00000000d5f00000)
  object space 87552K, 3% used [0x0000000081c00000,0x0000000081ea8f50,0x0000000087180000)
 Metaspace       used 20585K, capacity 21182K, committed 21296K, reserved 1067008K
  class space    used 2682K, capacity 2851K, committed 2944K, reserved 1048576K
Event: 3.532 GC heap after
Heap after GC invocations=3 (full 0):
 PSYoungGen      total 38400K, used 5108K [0x00000000d5f00000, 0x00000000daa00000, 0x0000000100000000)
  eden space 33280K, 0% used [0x00000000d5f00000,0x00000000d5f00000,0x00000000d7f80000)
  from space 5120K, 99% used [0x00000000d7f80000,0x00000000d847d3f8,0x00000000d8480000)
  to   space 5120K, 0% used [0x00000000da500000,0x00000000da500000,0x00000000daa00000)
 ParOldGen       total 87552K, used 5961K [0x0000000081c00000, 0x0000000087180000, 0x00000000d5f00000)
  object space 87552K, 6% used [0x0000000081c00000,0x00000000821d2480,0x0000000087180000)
 Metaspace       used 20585K, capacity 21182K, committed 21296K, reserved 1067008K
  class space    used 2682K, capacity 2851K, committed 2944K, reserved 1048576K
}
Event: 3.532 GC heap before
{Heap before GC invocations=4 (full 1):
 PSYoungGen      total 38400K, used 5108K [0x00000000d5f00000, 0x00000000daa00000, 0x0000000100000000)
  eden space 33280K, 0% used [0x00000000d5f00000,0x00000000d5f00000,0x00000000d7f80000)
  from space 5120K, 99% used [0x00000000d7f80000,0x00000000d847d3f8,0x00000000d8480000)
  to   space 5120K, 0% used [0x00000000da500000,0x00000000da500000,0x00000000daa00000)
 ParOldGen       total 87552K, used 5961K [0x0000000081c00000, 0x0000000087180000, 0x00000000d5f00000)
  object space 87552K, 6% used [0x0000000081c00000,0x00000000821d2480,0x0000000087180000)
 Metaspace       used 20585K, capacity 21182K, committed 21296K, reserved 1067008K
  class space    used 2682K, capacity 2851K, committed 2944K, reserved 1048576K
Event: 3.570 GC heap after
Heap after GC invocations=4 (full 1):
 PSYoungGen      total 38400K, used 0K [0x00000000d5f00000, 0x00000000daa00000, 0x0000000100000000)
  eden space 33280K, 0% used [0x00000000d5f00000,0x00000000d5f00000,0x00000000d7f80000)
  from space 5120K, 0% used [0x00000000d7f80000,0x00000000d7f80000,0x00000000d8480000)
  to   space 5120K, 0% used [0x00000000da500000,0x00000000da500000,0x00000000daa00000)
 ParOldGen       total 58880K, used 8217K [0x0000000081c00000, 0x0000000085580000, 0x00000000d5f00000)
  object space 58880K, 13% used [0x0000000081c00000,0x00000000824067e0,0x0000000085580000)
 Metaspace       used 20585K, capacity 21182K, committed 21296K, reserved 1067008K
  class space    used 2682K, capacity 2851K, committed 2944K, reserved 1048576K
}
Event: 3.905 GC heap before
{Heap before GC invocations=5 (full 1):
 PSYoungGen      total 38400K, used 33280K [0x00000000d5f00000, 0x00000000daa00000, 0x0000000100000000)
  eden space 33280K, 100% used [0x00000000d5f00000,0x00000000d7f80000,0x00000000d7f80000)
  from space 5120K, 0% used [0x00000000d7f80000,0x00000000d7f80000,0x00000000d8480000)
  to   space 5120K, 0% used [0x00000000da500000,0x00000000da500000,0x00000000daa00000)
 ParOldGen       total 58880K, used 8217K [0x0000000081c00000, 0x0000000085580000, 0x00000000d5f00000)
  object space 58880K, 13% used [0x0000000081c00000,0x00000000824067e0,0x0000000085580000)
 Metaspace       used 23616K, capacity 24312K, committed 24576K, reserved 1071104K
  class space    used 3093K, capacity 3282K, committed 3328K, reserved 1048576K
Event: 3.909 GC heap after
Heap after GC invocations=5 (full 1):
 PSYoungGen      total 57856K, used 4406K [0x00000000d5f00000, 0x00000000da980000, 0x0000000100000000)
  eden space 53248K, 0% used [0x00000000d5f00000,0x00000000d5f00000,0x00000000d9300000)
  from space 4608K, 95% used [0x00000000da500000,0x00000000da94d888,0x00000000da980000)
  to   space 5120K, 0% used [0x00000000d9f80000,0x00000000d9f80000,0x00000000da480000)
 ParOldGen       total 58880K, used 8225K [0x0000000081c00000, 0x0000000085580000, 0x00000000d5f00000)
  object space 58880K, 13% used [0x0000000081c00000,0x00000000824087e0,0x0000000085580000)
 Metaspace       used 23616K, capacity 24312K, committed 24576K, reserved 1071104K
  class space    used 3093K, capacity 3282K, committed 3328K, reserved 1048576K
}

