# JRE version: Java(TM) SE Runtime Environment (8.0_171-b11) (build 1.8.0_171-b11)
# Java VM: Java HotSpot(TM) 64-Bit Server VM (25.171-b11 mixed mode windows-amd64 compressed oops)
Heap:
 PSYoungGen      total 90112K, used 17502K [0x00000000d5f00000, 0x00000000df100000, 0x0000000100000000)
  eden space 76800K, 22% used [0x00000000d5f00000,0x00000000d7017ab0,0x00000000daa00000)
  from space 13312K, 0% used [0x00000000daa00000,0x00000000daa00000,0x00000000db700000)
  to   space 14848K, 0% used [0x00000000de280000,0x00000000de280000,0x00000000df100000)
 ParOldGen       total 99328K, used 19092K [0x0000000081c00000, 0x0000000087d00000, 0x00000000d5f00000)
  object space 99328K, 19% used [0x0000000081c00000,0x0000000082ea52e0,0x0000000087d00000)
 Metaspace       used 35453K, capacity 37018K, committed 37248K, reserved 1081344K
  class space    used 4616K, capacity 4928K, committed 4992K, reserved 1048576K
GC Heap History (10 events):
Event: 2.559 GC heap before
{Heap before GC invocations=5 (full 1):
 PSYoungGen      total 38400K, used 33280K [0x00000000d5f00000, 0x00000000daa00000, 0x0000000100000000)
  eden space 33280K, 100% used [0x00000000d5f00000,0x00000000d7f80000,0x00000000d7f80000)
  from space 5120K, 0% used [0x00000000d7f80000,0x00000000d7f80000,0x00000000d8480000)
  to   space 5120K, 0% used [0x00000000da500000,0x00000000da500000,0x00000000daa00000)
 ParOldGen       total 60416K, used 8002K [0x0000000081c00000, 0x0000000085700000, 0x00000000d5f00000)
  object space 60416K, 13% used [0x0000000081c00000,0x00000000823d0bd0,0x0000000085700000)
 Metaspace       used 24300K, capacity 25046K, committed 25216K, reserved 1071104K
  class space    used 3185K, capacity 3391K, committed 3456K, reserved 1048576K
Event: 2.564 GC heap after
Heap after GC invocations=5 (full 1):
 PSYoungGen      total 56832K, used 4655K [0x00000000d5f00000, 0x00000000daa00000, 0x0000000100000000)
  eden space 51712K, 0% used [0x00000000d5f00000,0x00000000d5f00000,0x00000000d9180000)
  from space 5120K, 90% used [0x00000000da500000,0x00000000da98bd38,0x00000000daa00000)
  to   space 5120K, 0% used [0x00000000da000000,0x00000000da000000,0x00000000da500000)
 ParOldGen       total 60416K, used 8074K [0x0000000081c00000, 0x0000000085700000, 0x00000000d5f00000)
  object space 60416K, 13% used [0x0000000081c00000,0x00000000823e2be0,0x0000000085700000)
 Metaspace       used 24300K, capacity 25046K, committed 25216K, reserved 1071104K
  class space    used 3185K, capacity 3391K, committed 3456K, reserved 1048576K
}
Event: 3.537 GC heap before
{Heap before GC invocations=6 (full 1):
 PSYoungGen      total 56832K, used 56367K [0x00000000d5f00000, 0x00000000daa00000, 0x0000000100000000)
  eden space 51712K, 100% used [0x00000000d5f00000,0x00000000d9180000,0x00000000d9180000)
  from space 5120K, 90% used [0x00000000da500000,0x00000000da98bd38,0x00000000daa00000)
  to   space 5120K, 0% used [0x00000000da000000,0x00000000da000000,0x00000000da500000)
 ParOldGen       total 60416K, used 8074K [0x0000000081c00000, 0x0000000085700000, 0x00000000d5f00000)
  object space 60416K, 13% used [0x0000000081c00000,0x00000000823e2be0,0x0000000085700000)
 Metaspace       used 28362K, capacity 29250K, committed 29312K, reserved 1075200K
  class space    used 3710K, capacity 3935K, committed 3968K, reserved 1048576K
Event: 3.550 GC heap after
Heap after GC invocations=6 (full 1):
 PSYoungGen      total 71680K, used 5096K [0x00000000d5f00000, 0x00000000dc200000, 0x0000000100000000)
  eden space 66560K, 0% used [0x00000000d5f00000,0x00000000d5f00000,0x00000000da000000)
  from space 5120K, 99% used [0x00000000da000000,0x00000000da4fa080,0x00000000da500000)
  to   space 11264K, 0% used [0x00000000db700000,0x00000000db700000,0x00000000dc200000)
 ParOldGen       total 60416K, used 12852K [0x0000000081c00000, 0x0000000085700000, 0x00000000d5f00000)
  object space 60416K, 21% used [0x0000000081c00000,0x000000008288d1f0,0x0000000085700000)
 Metaspace       used 28362K, capacity 29250K, committed 29312K, reserved 1075200K
  class space    used 3710K, capacity 3935K, committed 3968K, reserved 1048576K
}
Event: 4.864 GC heap before
{Heap before GC invocations=7 (full 1):
 PSYoungGen      total 71680K, used 71656K [0x00000000d5f00000, 0x00000000dc200000, 0x0000000100000000)
  eden space 66560K, 100% used [0x00000000d5f00000,0x00000000da000000,0x00000000da000000)
  from space 5120K, 99% used [0x00000000da000000,0x00000000da4fa080,0x00000000da500000)
  to   space 11264K, 0% used [0x00000000db700000,0x00000000db700000,0x00000000dc200000)
 ParOldGen       total 60416K, used 12852K [0x0000000081c00000, 0x0000000085700000, 0x00000000d5f00000)
  object space 60416K, 21% used [0x0000000081c00000,0x000000008288d1f0,0x0000000085700000)
 Metaspace       used 32071K, capacity 33368K, committed 33664K, reserved 1079296K
  class space    used 4169K, capacity 4428K, committed 4480K, reserved 1048576K
Event: 4.878 GC heap after
Heap after GC invocations=7 (full 1):
 PSYoungGen      total 88064K, used 11240K [0x00000000d5f00000, 0x00000000dda80000, 0x0000000100000000)
  eden space 76800K, 0% used [0x00000000d5f00000,0x00000000d5f00000,0x00000000daa00000)
  from space 11264K, 99% used [0x00000000db700000,0x00000000dc1fa1d0,0x00000000dc200000)
  to   space 13312K, 0% used [0x00000000daa00000,0x00000000daa00000,0x00000000db700000)
 ParOldGen       total 60416K, used 12972K [0x0000000081c00000, 0x0000000085700000, 0x00000000d5f00000)
  object space 60416K, 21% used [0x0000000081c00000,0x00000000828ab338,0x0000000085700000)
 Metaspace       used 32071K, capacity 33368K, committed 33664K, reserved 1079296K
  class space    used 4169K, capacity 4428K, committed 4480K, reserved 1048576K
}
Event: 5.725 GC heap before
{Heap before GC invocations=8 (full 1):
 PSYoungGen      total 88064K, used 69615K [0x00000000d5f00000, 0x00000000dda80000, 0x0000000100000000)
  eden space 76800K, 76% used [0x00000000d5f00000,0x00000000d9801c30,0x00000000daa00000)
  from space 11264K, 99% used [0x00000000db700000,0x00000000dc1fa1d0,0x00000000dc200000)
  to   space 13312K, 0% used [0x00000000daa00000,0x00000000daa00000,0x00000000db700000)
 ParOldGen       total 60416K, used 12972K [0x0000000081c00000, 0x0000000085700000, 0x00000000d5f00000)
  object space 60416K, 21% used [0x0000000081c00000,0x00000000828ab338,0x0000000085700000)
 Metaspace       used 33967K, capacity 35400K, committed 35456K, reserved 1079296K
  class space    used 4416K, capacity 4702K, committed 4736K, reserved 1048576K
Event: 5.753 GC heap after
Heap after GC invocations=8 (full 1):
 PSYoungGen      total 90112K, used 12795K [0x00000000d5f00000, 0x00000000df100000, 0x0000000100000000)
  eden space 76800K, 0% used [0x00000000d5f00000,0x00000000d5f00000,0x00000000daa00000)
  from space 13312K, 96% used [0x00000000daa00000,0x00000000db67ef78,0x00000000db700000)
  to   space 14848K, 0% used [0x00000000de280000,0x00000000de280000,0x00000000df100000)
 ParOldGen       total 60416K, used 12972K [0x0000000081c00000, 0x0000000085700000, 0x00000000d5f00000)
  object space 60416K, 21% used [0x0000000081c00000,0x00000000828ab338,0x0000000085700000)
 Metaspace       used 33967K, capacity 35400K, committed 35456K, reserved 1079296K
  class space    used 4416K, capacity 4702K, committed 4736K, reserved 1048576K
}
Event: 5.753 GC heap before
{Heap before GC invocations=9 (full 2):
 PSYoungGen      total 90112K, used 12795K [0x00000000d5f00000, 0x00000000df100000, 0x0000000100000000)
  eden space 76800K, 0% used [0x00000000d5f00000,0x00000000d5f00000,0x00000000daa00000)
  from space 13312K, 96% used [0x00000000daa00000,0x00000000db67ef78,0x00000000db700000)
  to   space 14848K, 0% used [0x00000000de280000,0x00000000de280000,0x00000000df100000)
 ParOldGen       total 60416K, used 12972K [0x0000000081c00000, 0x0000000085700000, 0x00000000d5f00000)
  object space 60416K, 21% used [0x0000000081c00000,0x00000000828ab338,0x0000000085700000)
 Metaspace       used 33967K, capacity 35400K, committed 35456K, reserved 1079296K
  class space    used 4416K, capacity 4702K, committed 4736K, reserved 1048576K
Event: 5.869 GC heap after
Heap after GC invocations=9 (full 2):
 PSYoungGen      total 90112K, used 0K [0x00000000d5f00000, 0x00000000df100000, 0x0000000100000000)
  eden space 76800K, 0% used [0x00000000d5f00000,0x00000000d5f00000,0x00000000daa00000)
  from space 13312K, 0% used [0x00000000daa00000,0x00000000daa00000,0x00000000db700000)
  to   space 14848K, 0% used [0x00000000de280000,0x00000000de280000,0x00000000df100000)
 ParOldGen       total 99328K, used 19092K [0x0000000081c00000, 0x0000000087d00000, 0x00000000d5f00000)
  object space 99328K, 19% used [0x0000000081c00000,0x0000000082ea52e0,0x0000000087d00000)
 Metaspace       used 33967K, capacity 35400K, committed 35456K, reserved 1079296K
  class space    used 4416K, capacity 4702K, committed 4736K, reserved 1048576K
}

